Classic Timing Analyzer report for alucontrol
Thu Apr 06 16:17:23 2017
Quartus II Version 9.0 Build 132 02/25/2009 SJ Full Version


---------------------
; Table of Contents ;
---------------------
  1. Legal Notice
  2. Timing Analyzer Summary
  3. Timing Analyzer Settings
  4. Parallel Compilation
  5. tpd
  6. Timing Analyzer Messages



----------------
; Legal Notice ;
----------------
Copyright (C) 1991-2009 Altera Corporation
Your use of Altera Corporation's design tools, logic functions 
and other software and tools, and its AMPP partner logic 
functions, and any output files from any of the foregoing 
(including device programming or simulation files), and any 
associated documentation or information are expressly subject 
to the terms and conditions of the Altera Program License 
Subscription Agreement, Altera MegaCore Function License 
Agreement, or other applicable license agreement, including, 
without limitation, that your use is for the sole purpose of 
programming logic devices manufactured by Altera and sold by 
Altera or its authorized distributors.  Please refer to the 
applicable agreement for further details.



+-----------------------------------------------------------------------------------------------------------------------------------+
; Timing Analyzer Summary                                                                                                           ;
+------------------------------+-------+---------------+-------------+----------+------------+------------+----------+--------------+
; Type                         ; Slack ; Required Time ; Actual Time ; From     ; To         ; From Clock ; To Clock ; Failed Paths ;
+------------------------------+-------+---------------+-------------+----------+------------+------------+----------+--------------+
; Worst-case tpd               ; N/A   ; None          ; 14.106 ns   ; funct[5] ; aluoper[0] ; --         ; --       ; 0            ;
; Total number of failed paths ;       ;               ;             ;          ;            ;            ;          ; 0            ;
+------------------------------+-------+---------------+-------------+----------+------------+------------+----------+--------------+


+--------------------------------------------------------------------------------------------------------------------+
; Timing Analyzer Settings                                                                                           ;
+---------------------------------------------------------------------+--------------------+------+----+-------------+
; Option                                                              ; Setting            ; From ; To ; Entity Name ;
+---------------------------------------------------------------------+--------------------+------+----+-------------+
; Device Name                                                         ; EP1C6Q240C8        ;      ;    ;             ;
; Timing Models                                                       ; Final              ;      ;    ;             ;
; Default hold multicycle                                             ; Same as Multicycle ;      ;    ;             ;
; Cut paths between unrelated clock domains                           ; On                 ;      ;    ;             ;
; Cut off read during write signal paths                              ; On                 ;      ;    ;             ;
; Cut off feedback from I/O pins                                      ; On                 ;      ;    ;             ;
; Report Combined Fast/Slow Timing                                    ; Off                ;      ;    ;             ;
; Ignore Clock Settings                                               ; Off                ;      ;    ;             ;
; Analyze latches as synchronous elements                             ; On                 ;      ;    ;             ;
; Enable Recovery/Removal analysis                                    ; Off                ;      ;    ;             ;
; Enable Clock Latency                                                ; Off                ;      ;    ;             ;
; Use TimeQuest Timing Analyzer                                       ; Off                ;      ;    ;             ;
; Minimum Core Junction Temperature                                   ; 0                  ;      ;    ;             ;
; Maximum Core Junction Temperature                                   ; 85                 ;      ;    ;             ;
; Number of source nodes to report per destination node               ; 10                 ;      ;    ;             ;
; Number of destination nodes to report                               ; 10                 ;      ;    ;             ;
; Number of paths to report                                           ; 200                ;      ;    ;             ;
; Report Minimum Timing Checks                                        ; Off                ;      ;    ;             ;
; Use Fast Timing Models                                              ; Off                ;      ;    ;             ;
; Report IO Paths Separately                                          ; Off                ;      ;    ;             ;
; Perform Multicorner Analysis                                        ; Off                ;      ;    ;             ;
; Reports the worst-case path for each clock domain and analysis      ; Off                ;      ;    ;             ;
; Removes common clock path pessimism (CCPP) during slack computation ; Off                ;      ;    ;             ;
; Output I/O Timing Endpoint                                          ; Near End           ;      ;    ;             ;
+---------------------------------------------------------------------+--------------------+------+----+-------------+


+------------------------------------------+
; Parallel Compilation                     ;
+----------------------------+-------------+
; Processors                 ; Number      ;
+----------------------------+-------------+
; Number detected on machine ; 4           ;
; Maximum allowed            ; 4           ;
;                            ;             ;
; Average used               ; 1.00        ;
; Maximum used               ; 1           ;
;                            ;             ;
; Usage by Processor         ; % Time Used ;
;     1 processor            ; 100.0%      ;
;     2-4 processors         ;   0.0%      ;
+----------------------------+-------------+


+----------------------------------------------------------------------+
; tpd                                                                  ;
+-------+-------------------+-----------------+-----------+------------+
; Slack ; Required P2P Time ; Actual P2P Time ; From      ; To         ;
+-------+-------------------+-----------------+-----------+------------+
; N/A   ; None              ; 14.106 ns       ; funct[5]  ; aluoper[0] ;
; N/A   ; None              ; 13.978 ns       ; funct[5]  ; aluoper[2] ;
; N/A   ; None              ; 13.582 ns       ; funct[5]  ; aluoper[3] ;
; N/A   ; None              ; 13.459 ns       ; funct[5]  ; aluoper[1] ;
; N/A   ; None              ; 13.206 ns       ; aluop1[0] ; aluoper[2] ;
; N/A   ; None              ; 12.533 ns       ; funct[3]  ; aluoper[0] ;
; N/A   ; None              ; 12.408 ns       ; funct[1]  ; aluoper[0] ;
; N/A   ; None              ; 12.280 ns       ; funct[1]  ; aluoper[2] ;
; N/A   ; None              ; 11.965 ns       ; funct[0]  ; aluoper[0] ;
; N/A   ; None              ; 11.884 ns       ; funct[1]  ; aluoper[3] ;
; N/A   ; None              ; 11.838 ns       ; funct[0]  ; aluoper[2] ;
; N/A   ; None              ; 11.761 ns       ; funct[1]  ; aluoper[1] ;
; N/A   ; None              ; 11.319 ns       ; funct[0]  ; aluoper[1] ;
; N/A   ; None              ; 11.192 ns       ; funct[2]  ; aluoper[0] ;
; N/A   ; None              ; 11.065 ns       ; funct[2]  ; aluoper[2] ;
; N/A   ; None              ; 11.032 ns       ; aluop1[1] ; aluoper[3] ;
; N/A   ; None              ; 10.751 ns       ; aluop1[1] ; aluoper[0] ;
; N/A   ; None              ; 10.667 ns       ; funct[2]  ; aluoper[3] ;
; N/A   ; None              ; 10.544 ns       ; funct[2]  ; aluoper[1] ;
; N/A   ; None              ; 10.326 ns       ; aluop1[1] ; aluoper[1] ;
; N/A   ; None              ; 10.309 ns       ; aluop1[1] ; aluoper[2] ;
+-------+-------------------+-----------------+-----------+------------+


+--------------------------+
; Timing Analyzer Messages ;
+--------------------------+
Info: *******************************************************************
Info: Running Quartus II Classic Timing Analyzer
    Info: Version 9.0 Build 132 02/25/2009 SJ Full Version
    Info: Processing started: Thu Apr 06 16:17:23 2017
Info: Command: quartus_tan --read_settings_files=off --write_settings_files=off alucontrol -c alucontrol --timing_analysis_only
Info: Parallel compilation is enabled and will use 4 of the 4 processors detected
Info: Longest tpd from source pin "funct[5]" to destination pin "aluoper[0]" is 14.106 ns
    Info: 1: + IC(0.000 ns) + CELL(1.469 ns) = 1.469 ns; Loc. = PIN_165; Fanout = 4; PIN Node = 'funct[5]'
    Info: 2: + IC(7.875 ns) + CELL(0.292 ns) = 9.636 ns; Loc. = LC_X4_Y17_N3; Fanout = 1; COMB Node = 'Mux3~20'
    Info: 3: + IC(0.413 ns) + CELL(0.114 ns) = 10.163 ns; Loc. = LC_X4_Y17_N2; Fanout = 1; COMB Node = 'aluoper~3'
    Info: 4: + IC(1.819 ns) + CELL(2.124 ns) = 14.106 ns; Loc. = PIN_18; Fanout = 0; PIN Node = 'aluoper[0]'
    Info: Total cell delay = 3.999 ns ( 28.35 % )
    Info: Total interconnect delay = 10.107 ns ( 71.65 % )
Info: Quartus II Classic Timing Analyzer was successful. 0 errors, 0 warnings
    Info: Peak virtual memory: 203 megabytes
    Info: Processing ended: Thu Apr 06 16:17:23 2017
    Info: Elapsed time: 00:00:00
    Info: Total CPU time (on all processors): 00:00:00


