Classic Timing Analyzer report for and_gate
Sat Feb 25 23:37:53 2017
Quartus II 64-Bit Version 8.0 Build 215 05/29/2008 SJ Full Version


---------------------
; Table of Contents ;
---------------------
  1. Legal Notice
  2. Timing Analyzer Summary
  3. Timing Analyzer Settings
  4. tpd
  5. Timing Analyzer Messages



----------------
; Legal Notice ;
----------------
Copyright (C) 1991-2008 Altera Corporation
Your use of Altera Corporation's design tools, logic functions 
and other software and tools, and its AMPP partner logic 
functions, and any output files from any of the foregoing 
(including device programming or simulation files), and any 
associated documentation or information are expressly subject 
to the terms and conditions of the Altera Program License 
Subscription Agreement, Altera MegaCore Function License 
Agreement, or other applicable license agreement, including, 
without limitation, that your use is for the sole purpose of 
programming logic devices manufactured by Altera and sold by 
Altera or its authorized distributors.  Please refer to the 
applicable agreement for further details.



+-----------------------------------------------------------------------------------------------------------------------+
; Timing Analyzer Summary                                                                                               ;
+------------------------------+-------+---------------+-------------+------+----+------------+----------+--------------+
; Type                         ; Slack ; Required Time ; Actual Time ; From ; To ; From Clock ; To Clock ; Failed Paths ;
+------------------------------+-------+---------------+-------------+------+----+------------+----------+--------------+
; Worst-case tpd               ; N/A   ; None          ; 9.940 ns    ; b    ; c  ; --         ; --       ; 0            ;
; Total number of failed paths ;       ;               ;             ;      ;    ;            ;          ; 0            ;
+------------------------------+-------+---------------+-------------+------+----+------------+----------+--------------+


+--------------------------------------------------------------------------------------------------------------------+
; Timing Analyzer Settings                                                                                           ;
+---------------------------------------------------------------------+--------------------+------+----+-------------+
; Option                                                              ; Setting            ; From ; To ; Entity Name ;
+---------------------------------------------------------------------+--------------------+------+----+-------------+
; Device Name                                                         ; EP1C6Q240C8        ;      ;    ;             ;
; Timing Models                                                       ; Final              ;      ;    ;             ;
; Default hold multicycle                                             ; Same as Multicycle ;      ;    ;             ;
; Cut paths between unrelated clock domains                           ; On                 ;      ;    ;             ;
; Cut off read during write signal paths                              ; On                 ;      ;    ;             ;
; Cut off feedback from I/O pins                                      ; On                 ;      ;    ;             ;
; Report Combined Fast/Slow Timing                                    ; Off                ;      ;    ;             ;
; Ignore Clock Settings                                               ; Off                ;      ;    ;             ;
; Analyze latches as synchronous elements                             ; On                 ;      ;    ;             ;
; Enable Recovery/Removal analysis                                    ; Off                ;      ;    ;             ;
; Enable Clock Latency                                                ; Off                ;      ;    ;             ;
; Use TimeQuest Timing Analyzer                                       ; Off                ;      ;    ;             ;
; Minimum Core Junction Temperature                                   ; 0                  ;      ;    ;             ;
; Maximum Core Junction Temperature                                   ; 85                 ;      ;    ;             ;
; Number of source nodes to report per destination node               ; 10                 ;      ;    ;             ;
; Number of destination nodes to report                               ; 10                 ;      ;    ;             ;
; Number of paths to report                                           ; 200                ;      ;    ;             ;
; Report Minimum Timing Checks                                        ; Off                ;      ;    ;             ;
; Use Fast Timing Models                                              ; Off                ;      ;    ;             ;
; Report IO Paths Separately                                          ; Off                ;      ;    ;             ;
; Perform Multicorner Analysis                                        ; Off                ;      ;    ;             ;
; Reports the worst-case path for each clock domain and analysis      ; Off                ;      ;    ;             ;
; Removes common clock path pessimism (CCPP) during slack computation ; Off                ;      ;    ;             ;
+---------------------------------------------------------------------+--------------------+------+----+-------------+


+---------------------------------------------------------+
; tpd                                                     ;
+-------+-------------------+-----------------+------+----+
; Slack ; Required P2P Time ; Actual P2P Time ; From ; To ;
+-------+-------------------+-----------------+------+----+
; N/A   ; None              ; 9.940 ns        ; b    ; c  ;
; N/A   ; None              ; 9.786 ns        ; a    ; c  ;
+-------+-------------------+-----------------+------+----+


+--------------------------+
; Timing Analyzer Messages ;
+--------------------------+
Info: *******************************************************************
Info: Running Quartus II 64-Bit Classic Timing Analyzer
    Info: Version 8.0 Build 215 05/29/2008 SJ Full Version
    Info: Processing started: Sat Feb 25 23:37:46 2017
Info: Command: quartus_tan --read_settings_files=off --write_settings_files=off and_gate -c and_gate --timing_analysis_only
Info: Longest tpd from source pin "b" to destination pin "c" is 9.940 ns
    Info: 1: + IC(0.000 ns) + CELL(1.475 ns) = 1.475 ns; Loc. = PIN_63; Fanout = 1; PIN Node = 'b'
    Info: 2: + IC(5.005 ns) + CELL(0.114 ns) = 6.594 ns; Loc. = LC_X1_Y1_N2; Fanout = 1; COMB Node = 'c~0'
    Info: 3: + IC(1.238 ns) + CELL(2.108 ns) = 9.940 ns; Loc. = PIN_61; Fanout = 0; PIN Node = 'c'
    Info: Total cell delay = 3.697 ns ( 37.19 % )
    Info: Total interconnect delay = 6.243 ns ( 62.81 % )
Info: Quartus II 64-Bit Classic Timing Analyzer was successful. 0 errors, 0 warnings
    Info: Peak virtual memory: 251 megabytes
    Info: Processing ended: Sat Feb 25 23:38:00 2017
    Info: Elapsed time: 00:00:14
    Info: Total CPU time (on all processors): 00:00:00


