Classic Timing Analyzer report for new1
Tue Apr 11 21:22:00 2017
Quartus II Version 9.0 Build 132 02/25/2009 SJ Full Version


---------------------
; Table of Contents ;
---------------------
  1. Legal Notice
  2. Timing Analyzer Summary
  3. Timing Analyzer Settings
  4. Clock Settings Summary
  5. Parallel Compilation
  6. Clock Setup: 'clk'
  7. tsu
  8. tco
  9. tpd
 10. th
 11. Timing Analyzer Messages



----------------
; Legal Notice ;
----------------
Copyright (C) 1991-2009 Altera Corporation
Your use of Altera Corporation's design tools, logic functions 
and other software and tools, and its AMPP partner logic 
functions, and any output files from any of the foregoing 
(including device programming or simulation files), and any 
associated documentation or information are expressly subject 
to the terms and conditions of the Altera Program License 
Subscription Agreement, Altera MegaCore Function License 
Agreement, or other applicable license agreement, including, 
without limitation, that your use is for the sole purpose of 
programming logic devices manufactured by Altera and sold by 
Altera or its authorized distributors.  Please refer to the 
applicable agreement for further details.



+------------------------------------------------------------------------------------------------------------------------------------------------------------------+
; Timing Analyzer Summary                                                                                                                                          ;
+------------------------------+-------+---------------+----------------------------------+----------------+----------------+------------+----------+--------------+
; Type                         ; Slack ; Required Time ; Actual Time                      ; From           ; To             ; From Clock ; To Clock ; Failed Paths ;
+------------------------------+-------+---------------+----------------------------------+----------------+----------------+------------+----------+--------------+
; Worst-case tsu               ; N/A   ; None          ; 6.225 ns                         ; aluopt         ; buff2[31]~reg0 ; --         ; clk      ; 0            ;
; Worst-case tco               ; N/A   ; None          ; 10.380 ns                        ; buff1[26]~reg0 ; result[26]     ; clk        ; --       ; 0            ;
; Worst-case tpd               ; N/A   ; None          ; 13.924 ns                        ; aluopt         ; result[30]     ; --         ; --       ; 0            ;
; Worst-case th                ; N/A   ; None          ; -5.051 ns                        ; aluopt         ; buff2[25]~reg0 ; --         ; clk      ; 0            ;
; Clock Setup: 'clk'           ; N/A   ; None          ; 258.06 MHz ( period = 3.875 ns ) ; buff2[6]~reg0  ; buff1[31]~reg0 ; clk        ; clk      ; 0            ;
; Total number of failed paths ;       ;               ;                                  ;                ;                ;            ;          ; 0            ;
+------------------------------+-------+---------------+----------------------------------+----------------+----------------+------------+----------+--------------+


+--------------------------------------------------------------------------------------------------------------------+
; Timing Analyzer Settings                                                                                           ;
+---------------------------------------------------------------------+--------------------+------+----+-------------+
; Option                                                              ; Setting            ; From ; To ; Entity Name ;
+---------------------------------------------------------------------+--------------------+------+----+-------------+
; Device Name                                                         ; EP1C6Q240C8        ;      ;    ;             ;
; Timing Models                                                       ; Final              ;      ;    ;             ;
; Default hold multicycle                                             ; Same as Multicycle ;      ;    ;             ;
; Cut paths between unrelated clock domains                           ; On                 ;      ;    ;             ;
; Cut off read during write signal paths                              ; On                 ;      ;    ;             ;
; Cut off feedback from I/O pins                                      ; On                 ;      ;    ;             ;
; Report Combined Fast/Slow Timing                                    ; Off                ;      ;    ;             ;
; Ignore Clock Settings                                               ; Off                ;      ;    ;             ;
; Analyze latches as synchronous elements                             ; On                 ;      ;    ;             ;
; Enable Recovery/Removal analysis                                    ; Off                ;      ;    ;             ;
; Enable Clock Latency                                                ; Off                ;      ;    ;             ;
; Use TimeQuest Timing Analyzer                                       ; Off                ;      ;    ;             ;
; Minimum Core Junction Temperature                                   ; 0                  ;      ;    ;             ;
; Maximum Core Junction Temperature                                   ; 85                 ;      ;    ;             ;
; Number of source nodes to report per destination node               ; 10                 ;      ;    ;             ;
; Number of destination nodes to report                               ; 10                 ;      ;    ;             ;
; Number of paths to report                                           ; 200                ;      ;    ;             ;
; Report Minimum Timing Checks                                        ; Off                ;      ;    ;             ;
; Use Fast Timing Models                                              ; Off                ;      ;    ;             ;
; Report IO Paths Separately                                          ; Off                ;      ;    ;             ;
; Perform Multicorner Analysis                                        ; Off                ;      ;    ;             ;
; Reports the worst-case path for each clock domain and analysis      ; Off                ;      ;    ;             ;
; Removes common clock path pessimism (CCPP) during slack computation ; Off                ;      ;    ;             ;
; Output I/O Timing Endpoint                                          ; Near End           ;      ;    ;             ;
+---------------------------------------------------------------------+--------------------+------+----+-------------+


+------------------------------------------------------------------------------------------------------------------------------------------------------------------------------------+
; Clock Settings Summary                                                                                                                                                             ;
+-----------------+--------------------+----------+------------------+---------------+--------------+----------+-----------------------+---------------------+--------+--------------+
; Clock Node Name ; Clock Setting Name ; Type     ; Fmax Requirement ; Early Latency ; Late Latency ; Based on ; Multiply Base Fmax by ; Divide Base Fmax by ; Offset ; Phase offset ;
+-----------------+--------------------+----------+------------------+---------------+--------------+----------+-----------------------+---------------------+--------+--------------+
; clk             ;                    ; User Pin ; None             ; 0.000 ns      ; 0.000 ns     ; --       ; N/A                   ; N/A                 ; N/A    ;              ;
+-----------------+--------------------+----------+------------------+---------------+--------------+----------+-----------------------+---------------------+--------+--------------+


+------------------------------------------+
; Parallel Compilation                     ;
+----------------------------+-------------+
; Processors                 ; Number      ;
+----------------------------+-------------+
; Number detected on machine ; 4           ;
; Maximum allowed            ; 4           ;
;                            ;             ;
; Average used               ; 1.00        ;
; Maximum used               ; 1           ;
;                            ;             ;
; Usage by Processor         ; % Time Used ;
;     1 processor            ; 100.0%      ;
;     2-4 processors         ;   0.0%      ;
+----------------------------+-------------+


+---------------------------------------------------------------------------------------------------------------------------------------------------------------------------------------------------------------------------------------------+
; Clock Setup: 'clk'                                                                                                                                                                                                                          ;
+-----------------------------------------+-----------------------------------------------------+----------------+----------------+------------+----------+-----------------------------+---------------------------+-------------------------+
; Slack                                   ; Actual fmax (period)                                ; From           ; To             ; From Clock ; To Clock ; Required Setup Relationship ; Required Longest P2P Time ; Actual Longest P2P Time ;
+-----------------------------------------+-----------------------------------------------------+----------------+----------------+------------+----------+-----------------------------+---------------------------+-------------------------+
; N/A                                     ; 258.06 MHz ( period = 3.875 ns )                    ; buff2[6]~reg0  ; buff1[31]~reg0 ; clk        ; clk      ; None                        ; None                      ; 3.614 ns                ;
; N/A                                     ; 263.30 MHz ( period = 3.798 ns )                    ; buff2[6]~reg0  ; buff1[26]~reg0 ; clk        ; clk      ; None                        ; None                      ; 3.537 ns                ;
; N/A                                     ; 263.30 MHz ( period = 3.798 ns )                    ; buff2[6]~reg0  ; buff1[27]~reg0 ; clk        ; clk      ; None                        ; None                      ; 3.537 ns                ;
; N/A                                     ; 263.30 MHz ( period = 3.798 ns )                    ; buff2[6]~reg0  ; buff1[28]~reg0 ; clk        ; clk      ; None                        ; None                      ; 3.537 ns                ;
; N/A                                     ; 263.30 MHz ( period = 3.798 ns )                    ; buff2[6]~reg0  ; buff1[29]~reg0 ; clk        ; clk      ; None                        ; None                      ; 3.537 ns                ;
; N/A                                     ; 263.30 MHz ( period = 3.798 ns )                    ; buff2[6]~reg0  ; buff1[30]~reg0 ; clk        ; clk      ; None                        ; None                      ; 3.537 ns                ;
; N/A                                     ; 271.37 MHz ( period = 3.685 ns )                    ; buff2[12]~reg0 ; buff1[31]~reg0 ; clk        ; clk      ; None                        ; None                      ; 3.424 ns                ;
; N/A                                     ; Restricted to 275.03 MHz ( period = 3.636 ns )      ; buff2[12]~reg0 ; buff1[26]~reg0 ; clk        ; clk      ; None                        ; None                      ; 3.347 ns                ;
; N/A                                     ; Restricted to 275.03 MHz ( period = 3.636 ns )      ; buff2[12]~reg0 ; buff1[27]~reg0 ; clk        ; clk      ; None                        ; None                      ; 3.347 ns                ;
; N/A                                     ; Restricted to 275.03 MHz ( period = 3.636 ns )      ; buff2[12]~reg0 ; buff1[28]~reg0 ; clk        ; clk      ; None                        ; None                      ; 3.347 ns                ;
; N/A                                     ; Restricted to 275.03 MHz ( period = 3.636 ns )      ; buff2[12]~reg0 ; buff1[29]~reg0 ; clk        ; clk      ; None                        ; None                      ; 3.347 ns                ;
; N/A                                     ; Restricted to 275.03 MHz ( period = 3.636 ns )      ; buff2[12]~reg0 ; buff1[30]~reg0 ; clk        ; clk      ; None                        ; None                      ; 3.347 ns                ;
; N/A                                     ; Restricted to 275.03 MHz ( period = 3.636 ns )      ; buff2[13]~reg0 ; buff1[31]~reg0 ; clk        ; clk      ; None                        ; None                      ; 3.331 ns                ;
; N/A                                     ; Restricted to 275.03 MHz ( period = 3.636 ns )      ; buff2[6]~reg0  ; buff1[21]~reg0 ; clk        ; clk      ; None                        ; None                      ; 3.270 ns                ;
; N/A                                     ; Restricted to 275.03 MHz ( period = 3.636 ns )      ; buff2[6]~reg0  ; buff1[22]~reg0 ; clk        ; clk      ; None                        ; None                      ; 3.270 ns                ;
; N/A                                     ; Restricted to 275.03 MHz ( period = 3.636 ns )      ; buff2[6]~reg0  ; buff1[23]~reg0 ; clk        ; clk      ; None                        ; None                      ; 3.270 ns                ;
; N/A                                     ; Restricted to 275.03 MHz ( period = 3.636 ns )      ; buff2[6]~reg0  ; buff1[24]~reg0 ; clk        ; clk      ; None                        ; None                      ; 3.270 ns                ;
; N/A                                     ; Restricted to 275.03 MHz ( period = 3.636 ns )      ; buff2[6]~reg0  ; buff1[25]~reg0 ; clk        ; clk      ; None                        ; None                      ; 3.270 ns                ;
; N/A                                     ; Restricted to 275.03 MHz ( period = 3.636 ns )      ; buff2[1]~reg0  ; buff1[31]~reg0 ; clk        ; clk      ; None                        ; None                      ; 3.268 ns                ;
; N/A                                     ; Restricted to 275.03 MHz ( period = 3.636 ns )      ; buff2[14]~reg0 ; buff1[31]~reg0 ; clk        ; clk      ; None                        ; None                      ; 3.256 ns                ;
; N/A                                     ; Restricted to 275.03 MHz ( period = 3.636 ns )      ; buff2[13]~reg0 ; buff1[26]~reg0 ; clk        ; clk      ; None                        ; None                      ; 3.254 ns                ;
; N/A                                     ; Restricted to 275.03 MHz ( period = 3.636 ns )      ; buff2[13]~reg0 ; buff1[27]~reg0 ; clk        ; clk      ; None                        ; None                      ; 3.254 ns                ;
; N/A                                     ; Restricted to 275.03 MHz ( period = 3.636 ns )      ; buff2[13]~reg0 ; buff1[28]~reg0 ; clk        ; clk      ; None                        ; None                      ; 3.254 ns                ;
; N/A                                     ; Restricted to 275.03 MHz ( period = 3.636 ns )      ; buff2[13]~reg0 ; buff1[29]~reg0 ; clk        ; clk      ; None                        ; None                      ; 3.254 ns                ;
; N/A                                     ; Restricted to 275.03 MHz ( period = 3.636 ns )      ; buff2[13]~reg0 ; buff1[30]~reg0 ; clk        ; clk      ; None                        ; None                      ; 3.254 ns                ;
; N/A                                     ; Restricted to 275.03 MHz ( period = 3.636 ns )      ; buff2[15]~reg0 ; buff1[31]~reg0 ; clk        ; clk      ; None                        ; None                      ; 3.254 ns                ;
; N/A                                     ; Restricted to 275.03 MHz ( period = 3.636 ns )      ; buff2[6]~reg0  ; buff1[16]~reg0 ; clk        ; clk      ; None                        ; None                      ; 3.193 ns                ;
; N/A                                     ; Restricted to 275.03 MHz ( period = 3.636 ns )      ; buff2[6]~reg0  ; buff1[17]~reg0 ; clk        ; clk      ; None                        ; None                      ; 3.193 ns                ;
; N/A                                     ; Restricted to 275.03 MHz ( period = 3.636 ns )      ; buff2[6]~reg0  ; buff1[18]~reg0 ; clk        ; clk      ; None                        ; None                      ; 3.193 ns                ;
; N/A                                     ; Restricted to 275.03 MHz ( period = 3.636 ns )      ; buff2[6]~reg0  ; buff1[19]~reg0 ; clk        ; clk      ; None                        ; None                      ; 3.193 ns                ;
; N/A                                     ; Restricted to 275.03 MHz ( period = 3.636 ns )      ; buff2[6]~reg0  ; buff1[20]~reg0 ; clk        ; clk      ; None                        ; None                      ; 3.193 ns                ;
; N/A                                     ; Restricted to 275.03 MHz ( period = 3.636 ns )      ; buff2[7]~reg0  ; buff1[31]~reg0 ; clk        ; clk      ; None                        ; None                      ; 3.193 ns                ;
; N/A                                     ; Restricted to 275.03 MHz ( period = 3.636 ns )      ; buff2[1]~reg0  ; buff1[26]~reg0 ; clk        ; clk      ; None                        ; None                      ; 3.191 ns                ;
; N/A                                     ; Restricted to 275.03 MHz ( period = 3.636 ns )      ; buff2[1]~reg0  ; buff1[27]~reg0 ; clk        ; clk      ; None                        ; None                      ; 3.191 ns                ;
; N/A                                     ; Restricted to 275.03 MHz ( period = 3.636 ns )      ; buff2[1]~reg0  ; buff1[28]~reg0 ; clk        ; clk      ; None                        ; None                      ; 3.191 ns                ;
; N/A                                     ; Restricted to 275.03 MHz ( period = 3.636 ns )      ; buff2[1]~reg0  ; buff1[29]~reg0 ; clk        ; clk      ; None                        ; None                      ; 3.191 ns                ;
; N/A                                     ; Restricted to 275.03 MHz ( period = 3.636 ns )      ; buff2[1]~reg0  ; buff1[30]~reg0 ; clk        ; clk      ; None                        ; None                      ; 3.191 ns                ;
; N/A                                     ; Restricted to 275.03 MHz ( period = 3.636 ns )      ; buff2[2]~reg0  ; buff1[31]~reg0 ; clk        ; clk      ; None                        ; None                      ; 3.185 ns                ;
; N/A                                     ; Restricted to 275.03 MHz ( period = 3.636 ns )      ; buff2[14]~reg0 ; buff1[26]~reg0 ; clk        ; clk      ; None                        ; None                      ; 3.179 ns                ;
; N/A                                     ; Restricted to 275.03 MHz ( period = 3.636 ns )      ; buff2[14]~reg0 ; buff1[27]~reg0 ; clk        ; clk      ; None                        ; None                      ; 3.179 ns                ;
; N/A                                     ; Restricted to 275.03 MHz ( period = 3.636 ns )      ; buff2[14]~reg0 ; buff1[28]~reg0 ; clk        ; clk      ; None                        ; None                      ; 3.179 ns                ;
; N/A                                     ; Restricted to 275.03 MHz ( period = 3.636 ns )      ; buff2[14]~reg0 ; buff1[29]~reg0 ; clk        ; clk      ; None                        ; None                      ; 3.179 ns                ;
; N/A                                     ; Restricted to 275.03 MHz ( period = 3.636 ns )      ; buff2[14]~reg0 ; buff1[30]~reg0 ; clk        ; clk      ; None                        ; None                      ; 3.179 ns                ;
; N/A                                     ; Restricted to 275.03 MHz ( period = 3.636 ns )      ; buff2[15]~reg0 ; buff1[26]~reg0 ; clk        ; clk      ; None                        ; None                      ; 3.177 ns                ;
; N/A                                     ; Restricted to 275.03 MHz ( period = 3.636 ns )      ; buff2[15]~reg0 ; buff1[27]~reg0 ; clk        ; clk      ; None                        ; None                      ; 3.177 ns                ;
; N/A                                     ; Restricted to 275.03 MHz ( period = 3.636 ns )      ; buff2[15]~reg0 ; buff1[28]~reg0 ; clk        ; clk      ; None                        ; None                      ; 3.177 ns                ;
; N/A                                     ; Restricted to 275.03 MHz ( period = 3.636 ns )      ; buff2[15]~reg0 ; buff1[29]~reg0 ; clk        ; clk      ; None                        ; None                      ; 3.177 ns                ;
; N/A                                     ; Restricted to 275.03 MHz ( period = 3.636 ns )      ; buff2[15]~reg0 ; buff1[30]~reg0 ; clk        ; clk      ; None                        ; None                      ; 3.177 ns                ;
; N/A                                     ; Restricted to 275.03 MHz ( period = 3.636 ns )      ; buff2[11]~reg0 ; buff1[31]~reg0 ; clk        ; clk      ; None                        ; None                      ; 3.141 ns                ;
; N/A                                     ; Restricted to 275.03 MHz ( period = 3.636 ns )      ; buff2[7]~reg0  ; buff1[26]~reg0 ; clk        ; clk      ; None                        ; None                      ; 3.116 ns                ;
; N/A                                     ; Restricted to 275.03 MHz ( period = 3.636 ns )      ; buff2[7]~reg0  ; buff1[27]~reg0 ; clk        ; clk      ; None                        ; None                      ; 3.116 ns                ;
; N/A                                     ; Restricted to 275.03 MHz ( period = 3.636 ns )      ; buff2[7]~reg0  ; buff1[28]~reg0 ; clk        ; clk      ; None                        ; None                      ; 3.116 ns                ;
; N/A                                     ; Restricted to 275.03 MHz ( period = 3.636 ns )      ; buff2[7]~reg0  ; buff1[29]~reg0 ; clk        ; clk      ; None                        ; None                      ; 3.116 ns                ;
; N/A                                     ; Restricted to 275.03 MHz ( period = 3.636 ns )      ; buff2[7]~reg0  ; buff1[30]~reg0 ; clk        ; clk      ; None                        ; None                      ; 3.116 ns                ;
; N/A                                     ; Restricted to 275.03 MHz ( period = 3.636 ns )      ; buff2[2]~reg0  ; buff1[26]~reg0 ; clk        ; clk      ; None                        ; None                      ; 3.108 ns                ;
; N/A                                     ; Restricted to 275.03 MHz ( period = 3.636 ns )      ; buff2[2]~reg0  ; buff1[27]~reg0 ; clk        ; clk      ; None                        ; None                      ; 3.108 ns                ;
; N/A                                     ; Restricted to 275.03 MHz ( period = 3.636 ns )      ; buff2[2]~reg0  ; buff1[28]~reg0 ; clk        ; clk      ; None                        ; None                      ; 3.108 ns                ;
; N/A                                     ; Restricted to 275.03 MHz ( period = 3.636 ns )      ; buff2[2]~reg0  ; buff1[29]~reg0 ; clk        ; clk      ; None                        ; None                      ; 3.108 ns                ;
; N/A                                     ; Restricted to 275.03 MHz ( period = 3.636 ns )      ; buff2[2]~reg0  ; buff1[30]~reg0 ; clk        ; clk      ; None                        ; None                      ; 3.108 ns                ;
; N/A                                     ; Restricted to 275.03 MHz ( period = 3.636 ns )      ; buff2[0]~reg0  ; buff1[31]~reg0 ; clk        ; clk      ; None                        ; None                      ; 3.106 ns                ;
; N/A                                     ; Restricted to 275.03 MHz ( period = 3.636 ns )      ; buff2[12]~reg0 ; buff1[21]~reg0 ; clk        ; clk      ; None                        ; None                      ; 3.080 ns                ;
; N/A                                     ; Restricted to 275.03 MHz ( period = 3.636 ns )      ; buff2[12]~reg0 ; buff1[22]~reg0 ; clk        ; clk      ; None                        ; None                      ; 3.080 ns                ;
; N/A                                     ; Restricted to 275.03 MHz ( period = 3.636 ns )      ; buff2[12]~reg0 ; buff1[23]~reg0 ; clk        ; clk      ; None                        ; None                      ; 3.080 ns                ;
; N/A                                     ; Restricted to 275.03 MHz ( period = 3.636 ns )      ; buff2[12]~reg0 ; buff1[24]~reg0 ; clk        ; clk      ; None                        ; None                      ; 3.080 ns                ;
; N/A                                     ; Restricted to 275.03 MHz ( period = 3.636 ns )      ; buff2[12]~reg0 ; buff1[25]~reg0 ; clk        ; clk      ; None                        ; None                      ; 3.080 ns                ;
; N/A                                     ; Restricted to 275.03 MHz ( period = 3.636 ns )      ; buff2[5]~reg0  ; buff1[31]~reg0 ; clk        ; clk      ; None                        ; None                      ; 3.080 ns                ;
; N/A                                     ; Restricted to 275.03 MHz ( period = 3.636 ns )      ; buff2[11]~reg0 ; buff1[26]~reg0 ; clk        ; clk      ; None                        ; None                      ; 3.064 ns                ;
; N/A                                     ; Restricted to 275.03 MHz ( period = 3.636 ns )      ; buff2[11]~reg0 ; buff1[27]~reg0 ; clk        ; clk      ; None                        ; None                      ; 3.064 ns                ;
; N/A                                     ; Restricted to 275.03 MHz ( period = 3.636 ns )      ; buff2[11]~reg0 ; buff1[28]~reg0 ; clk        ; clk      ; None                        ; None                      ; 3.064 ns                ;
; N/A                                     ; Restricted to 275.03 MHz ( period = 3.636 ns )      ; buff2[11]~reg0 ; buff1[29]~reg0 ; clk        ; clk      ; None                        ; None                      ; 3.064 ns                ;
; N/A                                     ; Restricted to 275.03 MHz ( period = 3.636 ns )      ; buff2[11]~reg0 ; buff1[30]~reg0 ; clk        ; clk      ; None                        ; None                      ; 3.064 ns                ;
; N/A                                     ; Restricted to 275.03 MHz ( period = 3.636 ns )      ; buff2[0]~reg0  ; buff1[26]~reg0 ; clk        ; clk      ; None                        ; None                      ; 3.029 ns                ;
; N/A                                     ; Restricted to 275.03 MHz ( period = 3.636 ns )      ; buff2[0]~reg0  ; buff1[27]~reg0 ; clk        ; clk      ; None                        ; None                      ; 3.029 ns                ;
; N/A                                     ; Restricted to 275.03 MHz ( period = 3.636 ns )      ; buff2[0]~reg0  ; buff1[28]~reg0 ; clk        ; clk      ; None                        ; None                      ; 3.029 ns                ;
; N/A                                     ; Restricted to 275.03 MHz ( period = 3.636 ns )      ; buff2[0]~reg0  ; buff1[29]~reg0 ; clk        ; clk      ; None                        ; None                      ; 3.029 ns                ;
; N/A                                     ; Restricted to 275.03 MHz ( period = 3.636 ns )      ; buff2[0]~reg0  ; buff1[30]~reg0 ; clk        ; clk      ; None                        ; None                      ; 3.029 ns                ;
; N/A                                     ; Restricted to 275.03 MHz ( period = 3.636 ns )      ; buff2[12]~reg0 ; buff1[16]~reg0 ; clk        ; clk      ; None                        ; None                      ; 3.003 ns                ;
; N/A                                     ; Restricted to 275.03 MHz ( period = 3.636 ns )      ; buff2[12]~reg0 ; buff1[17]~reg0 ; clk        ; clk      ; None                        ; None                      ; 3.003 ns                ;
; N/A                                     ; Restricted to 275.03 MHz ( period = 3.636 ns )      ; buff2[12]~reg0 ; buff1[18]~reg0 ; clk        ; clk      ; None                        ; None                      ; 3.003 ns                ;
; N/A                                     ; Restricted to 275.03 MHz ( period = 3.636 ns )      ; buff2[12]~reg0 ; buff1[19]~reg0 ; clk        ; clk      ; None                        ; None                      ; 3.003 ns                ;
; N/A                                     ; Restricted to 275.03 MHz ( period = 3.636 ns )      ; buff2[12]~reg0 ; buff1[20]~reg0 ; clk        ; clk      ; None                        ; None                      ; 3.003 ns                ;
; N/A                                     ; Restricted to 275.03 MHz ( period = 3.636 ns )      ; buff2[5]~reg0  ; buff1[26]~reg0 ; clk        ; clk      ; None                        ; None                      ; 3.003 ns                ;
; N/A                                     ; Restricted to 275.03 MHz ( period = 3.636 ns )      ; buff2[5]~reg0  ; buff1[27]~reg0 ; clk        ; clk      ; None                        ; None                      ; 3.003 ns                ;
; N/A                                     ; Restricted to 275.03 MHz ( period = 3.636 ns )      ; buff2[5]~reg0  ; buff1[28]~reg0 ; clk        ; clk      ; None                        ; None                      ; 3.003 ns                ;
; N/A                                     ; Restricted to 275.03 MHz ( period = 3.636 ns )      ; buff2[5]~reg0  ; buff1[29]~reg0 ; clk        ; clk      ; None                        ; None                      ; 3.003 ns                ;
; N/A                                     ; Restricted to 275.03 MHz ( period = 3.636 ns )      ; buff2[5]~reg0  ; buff1[30]~reg0 ; clk        ; clk      ; None                        ; None                      ; 3.003 ns                ;
; N/A                                     ; Restricted to 275.03 MHz ( period = 3.636 ns )      ; buff2[13]~reg0 ; buff1[21]~reg0 ; clk        ; clk      ; None                        ; None                      ; 2.987 ns                ;
; N/A                                     ; Restricted to 275.03 MHz ( period = 3.636 ns )      ; buff2[13]~reg0 ; buff1[22]~reg0 ; clk        ; clk      ; None                        ; None                      ; 2.987 ns                ;
; N/A                                     ; Restricted to 275.03 MHz ( period = 3.636 ns )      ; buff2[13]~reg0 ; buff1[23]~reg0 ; clk        ; clk      ; None                        ; None                      ; 2.987 ns                ;
; N/A                                     ; Restricted to 275.03 MHz ( period = 3.636 ns )      ; buff2[13]~reg0 ; buff1[24]~reg0 ; clk        ; clk      ; None                        ; None                      ; 2.987 ns                ;
; N/A                                     ; Restricted to 275.03 MHz ( period = 3.636 ns )      ; buff2[13]~reg0 ; buff1[25]~reg0 ; clk        ; clk      ; None                        ; None                      ; 2.987 ns                ;
; N/A                                     ; Restricted to 275.03 MHz ( period = 3.636 ns )      ; buff2[8]~reg0  ; buff1[31]~reg0 ; clk        ; clk      ; None                        ; None                      ; 2.965 ns                ;
; N/A                                     ; Restricted to 275.03 MHz ( period = 3.636 ns )      ; buff2[25]~reg0 ; buff1[31]~reg0 ; clk        ; clk      ; None                        ; None                      ; 2.960 ns                ;
; N/A                                     ; Restricted to 275.03 MHz ( period = 3.636 ns )      ; buff2[22]~reg0 ; buff1[31]~reg0 ; clk        ; clk      ; None                        ; None                      ; 2.955 ns                ;
; N/A                                     ; Restricted to 275.03 MHz ( period = 3.636 ns )      ; buff2[3]~reg0  ; buff1[31]~reg0 ; clk        ; clk      ; None                        ; None                      ; 2.940 ns                ;
; N/A                                     ; Restricted to 275.03 MHz ( period = 3.636 ns )      ; buff2[6]~reg0  ; buff1[11]~reg0 ; clk        ; clk      ; None                        ; None                      ; 2.926 ns                ;
; N/A                                     ; Restricted to 275.03 MHz ( period = 3.636 ns )      ; buff2[6]~reg0  ; buff1[12]~reg0 ; clk        ; clk      ; None                        ; None                      ; 2.926 ns                ;
; N/A                                     ; Restricted to 275.03 MHz ( period = 3.636 ns )      ; buff2[6]~reg0  ; buff1[13]~reg0 ; clk        ; clk      ; None                        ; None                      ; 2.926 ns                ;
; N/A                                     ; Restricted to 275.03 MHz ( period = 3.636 ns )      ; buff2[6]~reg0  ; buff1[14]~reg0 ; clk        ; clk      ; None                        ; None                      ; 2.926 ns                ;
; N/A                                     ; Restricted to 275.03 MHz ( period = 3.636 ns )      ; buff2[6]~reg0  ; buff1[15]~reg0 ; clk        ; clk      ; None                        ; None                      ; 2.926 ns                ;
; N/A                                     ; Restricted to 275.03 MHz ( period = 3.636 ns )      ; buff2[1]~reg0  ; buff1[21]~reg0 ; clk        ; clk      ; None                        ; None                      ; 2.924 ns                ;
; N/A                                     ; Restricted to 275.03 MHz ( period = 3.636 ns )      ; buff2[1]~reg0  ; buff1[22]~reg0 ; clk        ; clk      ; None                        ; None                      ; 2.924 ns                ;
; N/A                                     ; Restricted to 275.03 MHz ( period = 3.636 ns )      ; buff2[1]~reg0  ; buff1[23]~reg0 ; clk        ; clk      ; None                        ; None                      ; 2.924 ns                ;
; N/A                                     ; Restricted to 275.03 MHz ( period = 3.636 ns )      ; buff2[1]~reg0  ; buff1[24]~reg0 ; clk        ; clk      ; None                        ; None                      ; 2.924 ns                ;
; N/A                                     ; Restricted to 275.03 MHz ( period = 3.636 ns )      ; buff2[1]~reg0  ; buff1[25]~reg0 ; clk        ; clk      ; None                        ; None                      ; 2.924 ns                ;
; N/A                                     ; Restricted to 275.03 MHz ( period = 3.636 ns )      ; buff2[14]~reg0 ; buff1[21]~reg0 ; clk        ; clk      ; None                        ; None                      ; 2.912 ns                ;
; N/A                                     ; Restricted to 275.03 MHz ( period = 3.636 ns )      ; buff2[14]~reg0 ; buff1[22]~reg0 ; clk        ; clk      ; None                        ; None                      ; 2.912 ns                ;
; N/A                                     ; Restricted to 275.03 MHz ( period = 3.636 ns )      ; buff2[14]~reg0 ; buff1[23]~reg0 ; clk        ; clk      ; None                        ; None                      ; 2.912 ns                ;
; N/A                                     ; Restricted to 275.03 MHz ( period = 3.636 ns )      ; buff2[14]~reg0 ; buff1[24]~reg0 ; clk        ; clk      ; None                        ; None                      ; 2.912 ns                ;
; N/A                                     ; Restricted to 275.03 MHz ( period = 3.636 ns )      ; buff2[14]~reg0 ; buff1[25]~reg0 ; clk        ; clk      ; None                        ; None                      ; 2.912 ns                ;
; N/A                                     ; Restricted to 275.03 MHz ( period = 3.636 ns )      ; buff2[13]~reg0 ; buff1[16]~reg0 ; clk        ; clk      ; None                        ; None                      ; 2.910 ns                ;
; N/A                                     ; Restricted to 275.03 MHz ( period = 3.636 ns )      ; buff2[13]~reg0 ; buff1[17]~reg0 ; clk        ; clk      ; None                        ; None                      ; 2.910 ns                ;
; N/A                                     ; Restricted to 275.03 MHz ( period = 3.636 ns )      ; buff2[13]~reg0 ; buff1[18]~reg0 ; clk        ; clk      ; None                        ; None                      ; 2.910 ns                ;
; N/A                                     ; Restricted to 275.03 MHz ( period = 3.636 ns )      ; buff2[13]~reg0 ; buff1[19]~reg0 ; clk        ; clk      ; None                        ; None                      ; 2.910 ns                ;
; N/A                                     ; Restricted to 275.03 MHz ( period = 3.636 ns )      ; buff2[13]~reg0 ; buff1[20]~reg0 ; clk        ; clk      ; None                        ; None                      ; 2.910 ns                ;
; N/A                                     ; Restricted to 275.03 MHz ( period = 3.636 ns )      ; buff2[15]~reg0 ; buff1[21]~reg0 ; clk        ; clk      ; None                        ; None                      ; 2.910 ns                ;
; N/A                                     ; Restricted to 275.03 MHz ( period = 3.636 ns )      ; buff2[15]~reg0 ; buff1[22]~reg0 ; clk        ; clk      ; None                        ; None                      ; 2.910 ns                ;
; N/A                                     ; Restricted to 275.03 MHz ( period = 3.636 ns )      ; buff2[15]~reg0 ; buff1[23]~reg0 ; clk        ; clk      ; None                        ; None                      ; 2.910 ns                ;
; N/A                                     ; Restricted to 275.03 MHz ( period = 3.636 ns )      ; buff2[15]~reg0 ; buff1[24]~reg0 ; clk        ; clk      ; None                        ; None                      ; 2.910 ns                ;
; N/A                                     ; Restricted to 275.03 MHz ( period = 3.636 ns )      ; buff2[15]~reg0 ; buff1[25]~reg0 ; clk        ; clk      ; None                        ; None                      ; 2.910 ns                ;
; N/A                                     ; Restricted to 275.03 MHz ( period = 3.636 ns )      ; buff2[23]~reg0 ; buff1[31]~reg0 ; clk        ; clk      ; None                        ; None                      ; 2.897 ns                ;
; N/A                                     ; Restricted to 275.03 MHz ( period = 3.636 ns )      ; buff2[8]~reg0  ; buff1[26]~reg0 ; clk        ; clk      ; None                        ; None                      ; 2.888 ns                ;
; N/A                                     ; Restricted to 275.03 MHz ( period = 3.636 ns )      ; buff2[8]~reg0  ; buff1[27]~reg0 ; clk        ; clk      ; None                        ; None                      ; 2.888 ns                ;
; N/A                                     ; Restricted to 275.03 MHz ( period = 3.636 ns )      ; buff2[8]~reg0  ; buff1[28]~reg0 ; clk        ; clk      ; None                        ; None                      ; 2.888 ns                ;
; N/A                                     ; Restricted to 275.03 MHz ( period = 3.636 ns )      ; buff2[8]~reg0  ; buff1[29]~reg0 ; clk        ; clk      ; None                        ; None                      ; 2.888 ns                ;
; N/A                                     ; Restricted to 275.03 MHz ( period = 3.636 ns )      ; buff2[8]~reg0  ; buff1[30]~reg0 ; clk        ; clk      ; None                        ; None                      ; 2.888 ns                ;
; N/A                                     ; Restricted to 275.03 MHz ( period = 3.636 ns )      ; buff2[25]~reg0 ; buff1[26]~reg0 ; clk        ; clk      ; None                        ; None                      ; 2.883 ns                ;
; N/A                                     ; Restricted to 275.03 MHz ( period = 3.636 ns )      ; buff2[25]~reg0 ; buff1[27]~reg0 ; clk        ; clk      ; None                        ; None                      ; 2.883 ns                ;
; N/A                                     ; Restricted to 275.03 MHz ( period = 3.636 ns )      ; buff2[25]~reg0 ; buff1[28]~reg0 ; clk        ; clk      ; None                        ; None                      ; 2.883 ns                ;
; N/A                                     ; Restricted to 275.03 MHz ( period = 3.636 ns )      ; buff2[25]~reg0 ; buff1[29]~reg0 ; clk        ; clk      ; None                        ; None                      ; 2.883 ns                ;
; N/A                                     ; Restricted to 275.03 MHz ( period = 3.636 ns )      ; buff2[25]~reg0 ; buff1[30]~reg0 ; clk        ; clk      ; None                        ; None                      ; 2.883 ns                ;
; N/A                                     ; Restricted to 275.03 MHz ( period = 3.636 ns )      ; buff2[9]~reg0  ; buff1[31]~reg0 ; clk        ; clk      ; None                        ; None                      ; 2.880 ns                ;
; N/A                                     ; Restricted to 275.03 MHz ( period = 3.636 ns )      ; buff2[22]~reg0 ; buff1[26]~reg0 ; clk        ; clk      ; None                        ; None                      ; 2.878 ns                ;
; N/A                                     ; Restricted to 275.03 MHz ( period = 3.636 ns )      ; buff2[22]~reg0 ; buff1[27]~reg0 ; clk        ; clk      ; None                        ; None                      ; 2.878 ns                ;
; N/A                                     ; Restricted to 275.03 MHz ( period = 3.636 ns )      ; buff2[22]~reg0 ; buff1[28]~reg0 ; clk        ; clk      ; None                        ; None                      ; 2.878 ns                ;
; N/A                                     ; Restricted to 275.03 MHz ( period = 3.636 ns )      ; buff2[22]~reg0 ; buff1[29]~reg0 ; clk        ; clk      ; None                        ; None                      ; 2.878 ns                ;
; N/A                                     ; Restricted to 275.03 MHz ( period = 3.636 ns )      ; buff2[22]~reg0 ; buff1[30]~reg0 ; clk        ; clk      ; None                        ; None                      ; 2.878 ns                ;
; N/A                                     ; Restricted to 275.03 MHz ( period = 3.636 ns )      ; buff2[4]~reg0  ; buff1[31]~reg0 ; clk        ; clk      ; None                        ; None                      ; 2.871 ns                ;
; N/A                                     ; Restricted to 275.03 MHz ( period = 3.636 ns )      ; buff2[3]~reg0  ; buff1[26]~reg0 ; clk        ; clk      ; None                        ; None                      ; 2.863 ns                ;
; N/A                                     ; Restricted to 275.03 MHz ( period = 3.636 ns )      ; buff2[3]~reg0  ; buff1[27]~reg0 ; clk        ; clk      ; None                        ; None                      ; 2.863 ns                ;
; N/A                                     ; Restricted to 275.03 MHz ( period = 3.636 ns )      ; buff2[3]~reg0  ; buff1[28]~reg0 ; clk        ; clk      ; None                        ; None                      ; 2.863 ns                ;
; N/A                                     ; Restricted to 275.03 MHz ( period = 3.636 ns )      ; buff2[3]~reg0  ; buff1[29]~reg0 ; clk        ; clk      ; None                        ; None                      ; 2.863 ns                ;
; N/A                                     ; Restricted to 275.03 MHz ( period = 3.636 ns )      ; buff2[3]~reg0  ; buff1[30]~reg0 ; clk        ; clk      ; None                        ; None                      ; 2.863 ns                ;
; N/A                                     ; Restricted to 275.03 MHz ( period = 3.636 ns )      ; buff2[7]~reg0  ; buff1[21]~reg0 ; clk        ; clk      ; None                        ; None                      ; 2.849 ns                ;
; N/A                                     ; Restricted to 275.03 MHz ( period = 3.636 ns )      ; buff2[7]~reg0  ; buff1[22]~reg0 ; clk        ; clk      ; None                        ; None                      ; 2.849 ns                ;
; N/A                                     ; Restricted to 275.03 MHz ( period = 3.636 ns )      ; buff2[7]~reg0  ; buff1[23]~reg0 ; clk        ; clk      ; None                        ; None                      ; 2.849 ns                ;
; N/A                                     ; Restricted to 275.03 MHz ( period = 3.636 ns )      ; buff2[7]~reg0  ; buff1[24]~reg0 ; clk        ; clk      ; None                        ; None                      ; 2.849 ns                ;
; N/A                                     ; Restricted to 275.03 MHz ( period = 3.636 ns )      ; buff2[7]~reg0  ; buff1[25]~reg0 ; clk        ; clk      ; None                        ; None                      ; 2.849 ns                ;
; N/A                                     ; Restricted to 275.03 MHz ( period = 3.636 ns )      ; buff2[1]~reg0  ; buff1[16]~reg0 ; clk        ; clk      ; None                        ; None                      ; 2.847 ns                ;
; N/A                                     ; Restricted to 275.03 MHz ( period = 3.636 ns )      ; buff2[1]~reg0  ; buff1[17]~reg0 ; clk        ; clk      ; None                        ; None                      ; 2.847 ns                ;
; N/A                                     ; Restricted to 275.03 MHz ( period = 3.636 ns )      ; buff2[1]~reg0  ; buff1[18]~reg0 ; clk        ; clk      ; None                        ; None                      ; 2.847 ns                ;
; N/A                                     ; Restricted to 275.03 MHz ( period = 3.636 ns )      ; buff2[1]~reg0  ; buff1[19]~reg0 ; clk        ; clk      ; None                        ; None                      ; 2.847 ns                ;
; N/A                                     ; Restricted to 275.03 MHz ( period = 3.636 ns )      ; buff2[1]~reg0  ; buff1[20]~reg0 ; clk        ; clk      ; None                        ; None                      ; 2.847 ns                ;
; N/A                                     ; Restricted to 275.03 MHz ( period = 3.636 ns )      ; buff2[10]~reg0 ; buff1[31]~reg0 ; clk        ; clk      ; None                        ; None                      ; 2.844 ns                ;
; N/A                                     ; Restricted to 275.03 MHz ( period = 3.636 ns )      ; buff2[2]~reg0  ; buff1[21]~reg0 ; clk        ; clk      ; None                        ; None                      ; 2.841 ns                ;
; N/A                                     ; Restricted to 275.03 MHz ( period = 3.636 ns )      ; buff2[2]~reg0  ; buff1[22]~reg0 ; clk        ; clk      ; None                        ; None                      ; 2.841 ns                ;
; N/A                                     ; Restricted to 275.03 MHz ( period = 3.636 ns )      ; buff2[2]~reg0  ; buff1[23]~reg0 ; clk        ; clk      ; None                        ; None                      ; 2.841 ns                ;
; N/A                                     ; Restricted to 275.03 MHz ( period = 3.636 ns )      ; buff2[2]~reg0  ; buff1[24]~reg0 ; clk        ; clk      ; None                        ; None                      ; 2.841 ns                ;
; N/A                                     ; Restricted to 275.03 MHz ( period = 3.636 ns )      ; buff2[2]~reg0  ; buff1[25]~reg0 ; clk        ; clk      ; None                        ; None                      ; 2.841 ns                ;
; N/A                                     ; Restricted to 275.03 MHz ( period = 3.636 ns )      ; buff2[14]~reg0 ; buff1[16]~reg0 ; clk        ; clk      ; None                        ; None                      ; 2.835 ns                ;
; N/A                                     ; Restricted to 275.03 MHz ( period = 3.636 ns )      ; buff2[14]~reg0 ; buff1[17]~reg0 ; clk        ; clk      ; None                        ; None                      ; 2.835 ns                ;
; N/A                                     ; Restricted to 275.03 MHz ( period = 3.636 ns )      ; buff2[14]~reg0 ; buff1[18]~reg0 ; clk        ; clk      ; None                        ; None                      ; 2.835 ns                ;
; N/A                                     ; Restricted to 275.03 MHz ( period = 3.636 ns )      ; buff2[14]~reg0 ; buff1[19]~reg0 ; clk        ; clk      ; None                        ; None                      ; 2.835 ns                ;
; N/A                                     ; Restricted to 275.03 MHz ( period = 3.636 ns )      ; buff2[14]~reg0 ; buff1[20]~reg0 ; clk        ; clk      ; None                        ; None                      ; 2.835 ns                ;
; N/A                                     ; Restricted to 275.03 MHz ( period = 3.636 ns )      ; buff2[17]~reg0 ; buff1[31]~reg0 ; clk        ; clk      ; None                        ; None                      ; 2.835 ns                ;
; N/A                                     ; Restricted to 275.03 MHz ( period = 3.636 ns )      ; buff2[29]~reg0 ; buff1[31]~reg0 ; clk        ; clk      ; None                        ; None                      ; 2.834 ns                ;
; N/A                                     ; Restricted to 275.03 MHz ( period = 3.636 ns )      ; buff2[15]~reg0 ; buff1[16]~reg0 ; clk        ; clk      ; None                        ; None                      ; 2.833 ns                ;
; N/A                                     ; Restricted to 275.03 MHz ( period = 3.636 ns )      ; buff2[15]~reg0 ; buff1[17]~reg0 ; clk        ; clk      ; None                        ; None                      ; 2.833 ns                ;
; N/A                                     ; Restricted to 275.03 MHz ( period = 3.636 ns )      ; buff2[15]~reg0 ; buff1[18]~reg0 ; clk        ; clk      ; None                        ; None                      ; 2.833 ns                ;
; N/A                                     ; Restricted to 275.03 MHz ( period = 3.636 ns )      ; buff2[15]~reg0 ; buff1[19]~reg0 ; clk        ; clk      ; None                        ; None                      ; 2.833 ns                ;
; N/A                                     ; Restricted to 275.03 MHz ( period = 3.636 ns )      ; buff2[15]~reg0 ; buff1[20]~reg0 ; clk        ; clk      ; None                        ; None                      ; 2.833 ns                ;
; N/A                                     ; Restricted to 275.03 MHz ( period = 3.636 ns )      ; buff2[23]~reg0 ; buff1[26]~reg0 ; clk        ; clk      ; None                        ; None                      ; 2.820 ns                ;
; N/A                                     ; Restricted to 275.03 MHz ( period = 3.636 ns )      ; buff2[23]~reg0 ; buff1[27]~reg0 ; clk        ; clk      ; None                        ; None                      ; 2.820 ns                ;
; N/A                                     ; Restricted to 275.03 MHz ( period = 3.636 ns )      ; buff2[23]~reg0 ; buff1[28]~reg0 ; clk        ; clk      ; None                        ; None                      ; 2.820 ns                ;
; N/A                                     ; Restricted to 275.03 MHz ( period = 3.636 ns )      ; buff2[23]~reg0 ; buff1[29]~reg0 ; clk        ; clk      ; None                        ; None                      ; 2.820 ns                ;
; N/A                                     ; Restricted to 275.03 MHz ( period = 3.636 ns )      ; buff2[23]~reg0 ; buff1[30]~reg0 ; clk        ; clk      ; None                        ; None                      ; 2.820 ns                ;
; N/A                                     ; Restricted to 275.03 MHz ( period = 3.636 ns )      ; buff2[24]~reg0 ; buff1[31]~reg0 ; clk        ; clk      ; None                        ; None                      ; 2.805 ns                ;
; N/A                                     ; Restricted to 275.03 MHz ( period = 3.636 ns )      ; buff2[9]~reg0  ; buff1[26]~reg0 ; clk        ; clk      ; None                        ; None                      ; 2.803 ns                ;
; N/A                                     ; Restricted to 275.03 MHz ( period = 3.636 ns )      ; buff2[9]~reg0  ; buff1[27]~reg0 ; clk        ; clk      ; None                        ; None                      ; 2.803 ns                ;
; N/A                                     ; Restricted to 275.03 MHz ( period = 3.636 ns )      ; buff2[9]~reg0  ; buff1[28]~reg0 ; clk        ; clk      ; None                        ; None                      ; 2.803 ns                ;
; N/A                                     ; Restricted to 275.03 MHz ( period = 3.636 ns )      ; buff2[9]~reg0  ; buff1[29]~reg0 ; clk        ; clk      ; None                        ; None                      ; 2.803 ns                ;
; N/A                                     ; Restricted to 275.03 MHz ( period = 3.636 ns )      ; buff2[9]~reg0  ; buff1[30]~reg0 ; clk        ; clk      ; None                        ; None                      ; 2.803 ns                ;
; N/A                                     ; Restricted to 275.03 MHz ( period = 3.636 ns )      ; buff2[11]~reg0 ; buff1[21]~reg0 ; clk        ; clk      ; None                        ; None                      ; 2.797 ns                ;
; N/A                                     ; Restricted to 275.03 MHz ( period = 3.636 ns )      ; buff2[11]~reg0 ; buff1[22]~reg0 ; clk        ; clk      ; None                        ; None                      ; 2.797 ns                ;
; N/A                                     ; Restricted to 275.03 MHz ( period = 3.636 ns )      ; buff2[11]~reg0 ; buff1[23]~reg0 ; clk        ; clk      ; None                        ; None                      ; 2.797 ns                ;
; N/A                                     ; Restricted to 275.03 MHz ( period = 3.636 ns )      ; buff2[11]~reg0 ; buff1[24]~reg0 ; clk        ; clk      ; None                        ; None                      ; 2.797 ns                ;
; N/A                                     ; Restricted to 275.03 MHz ( period = 3.636 ns )      ; buff2[11]~reg0 ; buff1[25]~reg0 ; clk        ; clk      ; None                        ; None                      ; 2.797 ns                ;
; N/A                                     ; Restricted to 275.03 MHz ( period = 3.636 ns )      ; buff2[4]~reg0  ; buff1[26]~reg0 ; clk        ; clk      ; None                        ; None                      ; 2.794 ns                ;
; N/A                                     ; Restricted to 275.03 MHz ( period = 3.636 ns )      ; buff2[4]~reg0  ; buff1[27]~reg0 ; clk        ; clk      ; None                        ; None                      ; 2.794 ns                ;
; N/A                                     ; Restricted to 275.03 MHz ( period = 3.636 ns )      ; buff2[4]~reg0  ; buff1[28]~reg0 ; clk        ; clk      ; None                        ; None                      ; 2.794 ns                ;
; N/A                                     ; Restricted to 275.03 MHz ( period = 3.636 ns )      ; buff2[4]~reg0  ; buff1[29]~reg0 ; clk        ; clk      ; None                        ; None                      ; 2.794 ns                ;
; N/A                                     ; Restricted to 275.03 MHz ( period = 3.636 ns )      ; buff2[4]~reg0  ; buff1[30]~reg0 ; clk        ; clk      ; None                        ; None                      ; 2.794 ns                ;
; N/A                                     ; Restricted to 275.03 MHz ( period = 3.636 ns )      ; buff2[18]~reg0 ; buff1[31]~reg0 ; clk        ; clk      ; None                        ; None                      ; 2.777 ns                ;
; N/A                                     ; Restricted to 275.03 MHz ( period = 3.636 ns )      ; buff2[7]~reg0  ; buff1[16]~reg0 ; clk        ; clk      ; None                        ; None                      ; 2.772 ns                ;
; N/A                                     ; Restricted to 275.03 MHz ( period = 3.636 ns )      ; buff2[7]~reg0  ; buff1[17]~reg0 ; clk        ; clk      ; None                        ; None                      ; 2.772 ns                ;
; N/A                                     ; Restricted to 275.03 MHz ( period = 3.636 ns )      ; buff2[7]~reg0  ; buff1[18]~reg0 ; clk        ; clk      ; None                        ; None                      ; 2.772 ns                ;
; N/A                                     ; Restricted to 275.03 MHz ( period = 3.636 ns )      ; buff2[7]~reg0  ; buff1[19]~reg0 ; clk        ; clk      ; None                        ; None                      ; 2.772 ns                ;
; N/A                                     ; Restricted to 275.03 MHz ( period = 3.636 ns )      ; buff2[7]~reg0  ; buff1[20]~reg0 ; clk        ; clk      ; None                        ; None                      ; 2.772 ns                ;
; N/A                                     ; Restricted to 275.03 MHz ( period = 3.636 ns )      ; buff2[10]~reg0 ; buff1[28]~reg0 ; clk        ; clk      ; None                        ; None                      ; 2.767 ns                ;
; N/A                                     ; Restricted to 275.03 MHz ( period = 3.636 ns )      ; buff2[10]~reg0 ; buff1[29]~reg0 ; clk        ; clk      ; None                        ; None                      ; 2.767 ns                ;
; Timing analysis restricted to 200 rows. ; To change the limit use Settings (Assignments menu) ;                ;                ;            ;          ;                             ;                           ;                         ;
+-----------------------------------------+-----------------------------------------------------+----------------+----------------+------------+----------+-----------------------------+---------------------------+-------------------------+


+------------------------------------------------------------------------+
; tsu                                                                    ;
+-------+--------------+------------+--------+----------------+----------+
; Slack ; Required tsu ; Actual tsu ; From   ; To             ; To Clock ;
+-------+--------------+------------+--------+----------------+----------+
; N/A   ; None         ; 6.225 ns   ; aluopt ; buff2[29]~reg0 ; clk      ;
; N/A   ; None         ; 6.225 ns   ; aluopt ; buff2[31]~reg0 ; clk      ;
; N/A   ; None         ; 6.127 ns   ; aluopt ; buff1[26]~reg0 ; clk      ;
; N/A   ; None         ; 6.127 ns   ; aluopt ; buff2[26]~reg0 ; clk      ;
; N/A   ; None         ; 6.127 ns   ; aluopt ; buff1[27]~reg0 ; clk      ;
; N/A   ; None         ; 6.127 ns   ; aluopt ; buff2[27]~reg0 ; clk      ;
; N/A   ; None         ; 6.127 ns   ; aluopt ; buff1[28]~reg0 ; clk      ;
; N/A   ; None         ; 6.127 ns   ; aluopt ; buff2[28]~reg0 ; clk      ;
; N/A   ; None         ; 6.127 ns   ; aluopt ; buff1[29]~reg0 ; clk      ;
; N/A   ; None         ; 6.127 ns   ; aluopt ; buff1[30]~reg0 ; clk      ;
; N/A   ; None         ; 6.127 ns   ; aluopt ; buff2[30]~reg0 ; clk      ;
; N/A   ; None         ; 6.127 ns   ; aluopt ; buff1[31]~reg0 ; clk      ;
; N/A   ; None         ; 6.063 ns   ; aluopt ; buff1[6]~reg0  ; clk      ;
; N/A   ; None         ; 6.063 ns   ; aluopt ; buff1[7]~reg0  ; clk      ;
; N/A   ; None         ; 6.063 ns   ; aluopt ; buff1[8]~reg0  ; clk      ;
; N/A   ; None         ; 6.063 ns   ; aluopt ; buff1[9]~reg0  ; clk      ;
; N/A   ; None         ; 6.063 ns   ; aluopt ; buff1[10]~reg0 ; clk      ;
; N/A   ; None         ; 6.063 ns   ; aluopt ; buff1[11]~reg0 ; clk      ;
; N/A   ; None         ; 6.063 ns   ; aluopt ; buff1[12]~reg0 ; clk      ;
; N/A   ; None         ; 6.063 ns   ; aluopt ; buff1[13]~reg0 ; clk      ;
; N/A   ; None         ; 6.063 ns   ; aluopt ; buff1[14]~reg0 ; clk      ;
; N/A   ; None         ; 6.063 ns   ; aluopt ; buff1[15]~reg0 ; clk      ;
; N/A   ; None         ; 5.873 ns   ; aluopt ; buff2[7]~reg0  ; clk      ;
; N/A   ; None         ; 5.873 ns   ; aluopt ; buff2[8]~reg0  ; clk      ;
; N/A   ; None         ; 5.873 ns   ; aluopt ; buff2[9]~reg0  ; clk      ;
; N/A   ; None         ; 5.873 ns   ; aluopt ; buff2[10]~reg0 ; clk      ;
; N/A   ; None         ; 5.873 ns   ; aluopt ; buff2[11]~reg0 ; clk      ;
; N/A   ; None         ; 5.824 ns   ; aluopt ; buff2[12]~reg0 ; clk      ;
; N/A   ; None         ; 5.824 ns   ; aluopt ; buff2[13]~reg0 ; clk      ;
; N/A   ; None         ; 5.824 ns   ; aluopt ; buff2[14]~reg0 ; clk      ;
; N/A   ; None         ; 5.824 ns   ; aluopt ; buff2[15]~reg0 ; clk      ;
; N/A   ; None         ; 5.824 ns   ; aluopt ; buff2[16]~reg0 ; clk      ;
; N/A   ; None         ; 5.439 ns   ; aluopt ; buff1[0]~reg0  ; clk      ;
; N/A   ; None         ; 5.439 ns   ; aluopt ; buff2[5]~reg0  ; clk      ;
; N/A   ; None         ; 5.439 ns   ; aluopt ; buff2[6]~reg0  ; clk      ;
; N/A   ; None         ; 5.437 ns   ; aluopt ; buff2[17]~reg0 ; clk      ;
; N/A   ; None         ; 5.437 ns   ; aluopt ; buff2[18]~reg0 ; clk      ;
; N/A   ; None         ; 5.437 ns   ; aluopt ; buff2[19]~reg0 ; clk      ;
; N/A   ; None         ; 5.437 ns   ; aluopt ; buff2[20]~reg0 ; clk      ;
; N/A   ; None         ; 5.437 ns   ; aluopt ; buff2[21]~reg0 ; clk      ;
; N/A   ; None         ; 5.310 ns   ; aluopt ; buff1[16]~reg0 ; clk      ;
; N/A   ; None         ; 5.310 ns   ; aluopt ; buff1[17]~reg0 ; clk      ;
; N/A   ; None         ; 5.310 ns   ; aluopt ; buff1[18]~reg0 ; clk      ;
; N/A   ; None         ; 5.310 ns   ; aluopt ; buff1[19]~reg0 ; clk      ;
; N/A   ; None         ; 5.310 ns   ; aluopt ; buff1[20]~reg0 ; clk      ;
; N/A   ; None         ; 5.310 ns   ; aluopt ; buff1[21]~reg0 ; clk      ;
; N/A   ; None         ; 5.310 ns   ; aluopt ; buff1[22]~reg0 ; clk      ;
; N/A   ; None         ; 5.310 ns   ; aluopt ; buff1[23]~reg0 ; clk      ;
; N/A   ; None         ; 5.310 ns   ; aluopt ; buff1[24]~reg0 ; clk      ;
; N/A   ; None         ; 5.310 ns   ; aluopt ; buff1[25]~reg0 ; clk      ;
; N/A   ; None         ; 5.247 ns   ; aluopt ; buff1[1]~reg0  ; clk      ;
; N/A   ; None         ; 5.247 ns   ; aluopt ; buff2[0]~reg0  ; clk      ;
; N/A   ; None         ; 5.247 ns   ; aluopt ; buff2[1]~reg0  ; clk      ;
; N/A   ; None         ; 5.247 ns   ; aluopt ; buff1[2]~reg0  ; clk      ;
; N/A   ; None         ; 5.247 ns   ; aluopt ; buff2[2]~reg0  ; clk      ;
; N/A   ; None         ; 5.247 ns   ; aluopt ; buff1[3]~reg0  ; clk      ;
; N/A   ; None         ; 5.247 ns   ; aluopt ; buff2[3]~reg0  ; clk      ;
; N/A   ; None         ; 5.247 ns   ; aluopt ; buff1[4]~reg0  ; clk      ;
; N/A   ; None         ; 5.247 ns   ; aluopt ; buff2[4]~reg0  ; clk      ;
; N/A   ; None         ; 5.247 ns   ; aluopt ; buff1[5]~reg0  ; clk      ;
; N/A   ; None         ; 5.103 ns   ; aluopt ; buff2[22]~reg0 ; clk      ;
; N/A   ; None         ; 5.103 ns   ; aluopt ; buff2[23]~reg0 ; clk      ;
; N/A   ; None         ; 5.103 ns   ; aluopt ; buff2[24]~reg0 ; clk      ;
; N/A   ; None         ; 5.103 ns   ; aluopt ; buff2[25]~reg0 ; clk      ;
+-------+--------------+------------+--------+----------------+----------+


+------------------------------------------------------------------------------+
; tco                                                                          ;
+-------+--------------+------------+----------------+------------+------------+
; Slack ; Required tco ; Actual tco ; From           ; To         ; From Clock ;
+-------+--------------+------------+----------------+------------+------------+
; N/A   ; None         ; 10.380 ns  ; buff1[26]~reg0 ; result[26] ; clk        ;
; N/A   ; None         ; 10.323 ns  ; buff1[29]~reg0 ; result[29] ; clk        ;
; N/A   ; None         ; 10.016 ns  ; buff1[12]~reg0 ; result[12] ; clk        ;
; N/A   ; None         ; 9.963 ns   ; buff1[30]~reg0 ; result[30] ; clk        ;
; N/A   ; None         ; 9.851 ns   ; buff1[14]~reg0 ; result[14] ; clk        ;
; N/A   ; None         ; 9.848 ns   ; buff1[6]~reg0  ; result[6]  ; clk        ;
; N/A   ; None         ; 9.836 ns   ; buff1[15]~reg0 ; result[15] ; clk        ;
; N/A   ; None         ; 9.767 ns   ; buff1[27]~reg0 ; result[27] ; clk        ;
; N/A   ; None         ; 9.757 ns   ; buff1[13]~reg0 ; result[13] ; clk        ;
; N/A   ; None         ; 9.755 ns   ; buff1[18]~reg0 ; result[18] ; clk        ;
; N/A   ; None         ; 9.746 ns   ; buff1[24]~reg0 ; result[24] ; clk        ;
; N/A   ; None         ; 9.712 ns   ; buff1[17]~reg0 ; result[17] ; clk        ;
; N/A   ; None         ; 9.639 ns   ; buff1[25]~reg0 ; result[25] ; clk        ;
; N/A   ; None         ; 9.622 ns   ; buff1[22]~reg0 ; result[22] ; clk        ;
; N/A   ; None         ; 9.484 ns   ; buff1[8]~reg0  ; result[8]  ; clk        ;
; N/A   ; None         ; 9.434 ns   ; buff1[4]~reg0  ; result[4]  ; clk        ;
; N/A   ; None         ; 9.317 ns   ; buff1[31]~reg0 ; result[31] ; clk        ;
; N/A   ; None         ; 9.311 ns   ; buff1[11]~reg0 ; result[11] ; clk        ;
; N/A   ; None         ; 9.274 ns   ; buff1[9]~reg0  ; result[9]  ; clk        ;
; N/A   ; None         ; 9.230 ns   ; buff1[20]~reg0 ; result[20] ; clk        ;
; N/A   ; None         ; 9.219 ns   ; buff1[16]~reg0 ; result[16] ; clk        ;
; N/A   ; None         ; 9.206 ns   ; buff1[21]~reg0 ; result[21] ; clk        ;
; N/A   ; None         ; 9.171 ns   ; buff1[28]~reg0 ; result[28] ; clk        ;
; N/A   ; None         ; 9.096 ns   ; buff1[19]~reg0 ; result[19] ; clk        ;
; N/A   ; None         ; 9.068 ns   ; buff1[7]~reg0  ; result[7]  ; clk        ;
; N/A   ; None         ; 9.005 ns   ; buff1[10]~reg0 ; result[10] ; clk        ;
; N/A   ; None         ; 8.965 ns   ; buff1[23]~reg0 ; result[23] ; clk        ;
; N/A   ; None         ; 8.932 ns   ; buff2[11]~reg0 ; buff2[11]  ; clk        ;
; N/A   ; None         ; 8.925 ns   ; buff2[9]~reg0  ; buff2[9]   ; clk        ;
; N/A   ; None         ; 8.922 ns   ; buff1[5]~reg0  ; result[5]  ; clk        ;
; N/A   ; None         ; 8.913 ns   ; buff1[3]~reg0  ; result[3]  ; clk        ;
; N/A   ; None         ; 8.798 ns   ; buff2[26]~reg0 ; buff2[26]  ; clk        ;
; N/A   ; None         ; 8.766 ns   ; buff2[15]~reg0 ; buff2[15]  ; clk        ;
; N/A   ; None         ; 8.764 ns   ; buff1[0]~reg0  ; result[0]  ; clk        ;
; N/A   ; None         ; 8.701 ns   ; buff1[17]~reg0 ; buff1[17]  ; clk        ;
; N/A   ; None         ; 8.682 ns   ; buff2[21]~reg0 ; buff2[21]  ; clk        ;
; N/A   ; None         ; 8.585 ns   ; buff2[14]~reg0 ; buff2[14]  ; clk        ;
; N/A   ; None         ; 8.584 ns   ; buff2[30]~reg0 ; buff2[30]  ; clk        ;
; N/A   ; None         ; 8.549 ns   ; buff1[2]~reg0  ; result[2]  ; clk        ;
; N/A   ; None         ; 8.545 ns   ; buff2[16]~reg0 ; buff2[16]  ; clk        ;
; N/A   ; None         ; 8.527 ns   ; buff1[1]~reg0  ; result[1]  ; clk        ;
; N/A   ; None         ; 8.488 ns   ; buff1[12]~reg0 ; buff1[12]  ; clk        ;
; N/A   ; None         ; 8.473 ns   ; buff1[19]~reg0 ; buff1[19]  ; clk        ;
; N/A   ; None         ; 8.409 ns   ; buff1[22]~reg0 ; buff1[22]  ; clk        ;
; N/A   ; None         ; 8.354 ns   ; buff2[25]~reg0 ; buff2[25]  ; clk        ;
; N/A   ; None         ; 8.346 ns   ; buff1[27]~reg0 ; buff1[27]  ; clk        ;
; N/A   ; None         ; 8.320 ns   ; buff1[21]~reg0 ; buff1[21]  ; clk        ;
; N/A   ; None         ; 8.218 ns   ; buff1[14]~reg0 ; buff1[14]  ; clk        ;
; N/A   ; None         ; 8.188 ns   ; buff1[13]~reg0 ; buff1[13]  ; clk        ;
; N/A   ; None         ; 8.181 ns   ; buff1[31]~reg0 ; buff1[31]  ; clk        ;
; N/A   ; None         ; 8.176 ns   ; buff2[27]~reg0 ; buff2[27]  ; clk        ;
; N/A   ; None         ; 8.173 ns   ; buff2[28]~reg0 ; buff2[28]  ; clk        ;
; N/A   ; None         ; 8.173 ns   ; buff2[4]~reg0  ; buff2[4]   ; clk        ;
; N/A   ; None         ; 8.164 ns   ; buff2[2]~reg0  ; buff2[2]   ; clk        ;
; N/A   ; None         ; 8.158 ns   ; buff2[3]~reg0  ; buff2[3]   ; clk        ;
; N/A   ; None         ; 8.149 ns   ; buff2[1]~reg0  ; buff2[1]   ; clk        ;
; N/A   ; None         ; 8.149 ns   ; buff1[29]~reg0 ; buff1[29]  ; clk        ;
; N/A   ; None         ; 8.148 ns   ; buff2[20]~reg0 ; buff2[20]  ; clk        ;
; N/A   ; None         ; 8.113 ns   ; buff2[17]~reg0 ; buff2[17]  ; clk        ;
; N/A   ; None         ; 8.106 ns   ; buff1[15]~reg0 ; buff1[15]  ; clk        ;
; N/A   ; None         ; 8.103 ns   ; buff2[29]~reg0 ; buff2[29]  ; clk        ;
; N/A   ; None         ; 8.095 ns   ; buff1[7]~reg0  ; buff1[7]   ; clk        ;
; N/A   ; None         ; 8.085 ns   ; buff1[26]~reg0 ; buff1[26]  ; clk        ;
; N/A   ; None         ; 8.062 ns   ; buff1[16]~reg0 ; buff1[16]  ; clk        ;
; N/A   ; None         ; 8.012 ns   ; buff1[28]~reg0 ; buff1[28]  ; clk        ;
; N/A   ; None         ; 8.001 ns   ; buff2[31]~reg0 ; buff2[31]  ; clk        ;
; N/A   ; None         ; 7.972 ns   ; buff2[13]~reg0 ; buff2[13]  ; clk        ;
; N/A   ; None         ; 7.927 ns   ; buff2[7]~reg0  ; buff2[7]   ; clk        ;
; N/A   ; None         ; 7.897 ns   ; buff1[8]~reg0  ; buff1[8]   ; clk        ;
; N/A   ; None         ; 7.889 ns   ; buff2[10]~reg0 ; buff2[10]  ; clk        ;
; N/A   ; None         ; 7.825 ns   ; buff2[23]~reg0 ; buff2[23]  ; clk        ;
; N/A   ; None         ; 7.791 ns   ; buff2[8]~reg0  ; buff2[8]   ; clk        ;
; N/A   ; None         ; 7.791 ns   ; buff1[30]~reg0 ; buff1[30]  ; clk        ;
; N/A   ; None         ; 7.789 ns   ; buff1[9]~reg0  ; buff1[9]   ; clk        ;
; N/A   ; None         ; 7.773 ns   ; buff2[18]~reg0 ; buff2[18]  ; clk        ;
; N/A   ; None         ; 7.737 ns   ; buff1[25]~reg0 ; buff1[25]  ; clk        ;
; N/A   ; None         ; 7.732 ns   ; buff1[2]~reg0  ; buff1[2]   ; clk        ;
; N/A   ; None         ; 7.729 ns   ; buff1[24]~reg0 ; buff1[24]  ; clk        ;
; N/A   ; None         ; 7.725 ns   ; buff1[20]~reg0 ; buff1[20]  ; clk        ;
; N/A   ; None         ; 7.725 ns   ; buff1[1]~reg0  ; buff1[1]   ; clk        ;
; N/A   ; None         ; 7.724 ns   ; buff1[23]~reg0 ; buff1[23]  ; clk        ;
; N/A   ; None         ; 7.723 ns   ; buff1[10]~reg0 ; buff1[10]  ; clk        ;
; N/A   ; None         ; 7.668 ns   ; buff2[5]~reg0  ; buff2[5]   ; clk        ;
; N/A   ; None         ; 7.599 ns   ; buff2[12]~reg0 ; buff2[12]  ; clk        ;
; N/A   ; None         ; 7.516 ns   ; buff1[11]~reg0 ; buff1[11]  ; clk        ;
; N/A   ; None         ; 7.510 ns   ; buff2[6]~reg0  ; buff2[6]   ; clk        ;
; N/A   ; None         ; 7.502 ns   ; buff1[18]~reg0 ; buff1[18]  ; clk        ;
; N/A   ; None         ; 7.411 ns   ; buff1[0]~reg0  ; buff1[0]   ; clk        ;
; N/A   ; None         ; 7.397 ns   ; buff1[5]~reg0  ; buff1[5]   ; clk        ;
; N/A   ; None         ; 7.393 ns   ; buff2[22]~reg0 ; buff2[22]  ; clk        ;
; N/A   ; None         ; 7.082 ns   ; buff2[19]~reg0 ; buff2[19]  ; clk        ;
; N/A   ; None         ; 7.068 ns   ; buff2[24]~reg0 ; buff2[24]  ; clk        ;
; N/A   ; None         ; 7.030 ns   ; buff1[6]~reg0  ; buff1[6]   ; clk        ;
; N/A   ; None         ; 6.757 ns   ; buff2[0]~reg0  ; buff2[0]   ; clk        ;
; N/A   ; None         ; 6.755 ns   ; buff1[3]~reg0  ; buff1[3]   ; clk        ;
; N/A   ; None         ; 6.749 ns   ; buff1[4]~reg0  ; buff1[4]   ; clk        ;
+-------+--------------+------------+----------------+------------+------------+


+-------------------------------------------------------------------+
; tpd                                                               ;
+-------+-------------------+-----------------+--------+------------+
; Slack ; Required P2P Time ; Actual P2P Time ; From   ; To         ;
+-------+-------------------+-----------------+--------+------------+
; N/A   ; None              ; 13.924 ns       ; aluopt ; result[30] ;
; N/A   ; None              ; 13.923 ns       ; aluopt ; result[29] ;
; N/A   ; None              ; 13.376 ns       ; aluopt ; result[9]  ;
; N/A   ; None              ; 13.263 ns       ; aluopt ; result[31] ;
; N/A   ; None              ; 13.177 ns       ; aluopt ; result[7]  ;
; N/A   ; None              ; 13.136 ns       ; aluopt ; result[28] ;
; N/A   ; None              ; 13.117 ns       ; aluopt ; result[8]  ;
; N/A   ; None              ; 13.110 ns       ; aluopt ; result[11] ;
; N/A   ; None              ; 13.102 ns       ; aluopt ; result[10] ;
; N/A   ; None              ; 13.001 ns       ; aluopt ; result[14] ;
; N/A   ; None              ; 13.000 ns       ; aluopt ; result[6]  ;
; N/A   ; None              ; 12.911 ns       ; aluopt ; result[13] ;
; N/A   ; None              ; 12.888 ns       ; aluopt ; result[12] ;
; N/A   ; None              ; 12.886 ns       ; aluopt ; result[18] ;
; N/A   ; None              ; 12.876 ns       ; aluopt ; result[16] ;
; N/A   ; None              ; 12.847 ns       ; aluopt ; result[15] ;
; N/A   ; None              ; 12.696 ns       ; aluopt ; result[0]  ;
; N/A   ; None              ; 12.684 ns       ; aluopt ; result[17] ;
; N/A   ; None              ; 12.662 ns       ; aluopt ; result[4]  ;
; N/A   ; None              ; 12.610 ns       ; aluopt ; result[3]  ;
; N/A   ; None              ; 12.466 ns       ; aluopt ; result[21] ;
; N/A   ; None              ; 12.360 ns       ; aluopt ; result[19] ;
; N/A   ; None              ; 12.346 ns       ; aluopt ; result[20] ;
; N/A   ; None              ; 12.251 ns       ; aluopt ; result[24] ;
; N/A   ; None              ; 12.226 ns       ; aluopt ; result[2]  ;
; N/A   ; None              ; 12.210 ns       ; aluopt ; result[26] ;
; N/A   ; None              ; 12.193 ns       ; aluopt ; result[5]  ;
; N/A   ; None              ; 12.129 ns       ; aluopt ; result[25] ;
; N/A   ; None              ; 12.121 ns       ; aluopt ; result[22] ;
; N/A   ; None              ; 11.906 ns       ; aluopt ; result[1]  ;
; N/A   ; None              ; 11.778 ns       ; aluopt ; result[27] ;
; N/A   ; None              ; 11.463 ns       ; aluopt ; result[23] ;
+-------+-------------------+-----------------+--------+------------+


+------------------------------------------------------------------------------+
; th                                                                           ;
+---------------+-------------+-----------+--------+----------------+----------+
; Minimum Slack ; Required th ; Actual th ; From   ; To             ; To Clock ;
+---------------+-------------+-----------+--------+----------------+----------+
; N/A           ; None        ; -5.051 ns ; aluopt ; buff2[22]~reg0 ; clk      ;
; N/A           ; None        ; -5.051 ns ; aluopt ; buff2[23]~reg0 ; clk      ;
; N/A           ; None        ; -5.051 ns ; aluopt ; buff2[24]~reg0 ; clk      ;
; N/A           ; None        ; -5.051 ns ; aluopt ; buff2[25]~reg0 ; clk      ;
; N/A           ; None        ; -5.195 ns ; aluopt ; buff1[1]~reg0  ; clk      ;
; N/A           ; None        ; -5.195 ns ; aluopt ; buff2[0]~reg0  ; clk      ;
; N/A           ; None        ; -5.195 ns ; aluopt ; buff2[1]~reg0  ; clk      ;
; N/A           ; None        ; -5.195 ns ; aluopt ; buff1[2]~reg0  ; clk      ;
; N/A           ; None        ; -5.195 ns ; aluopt ; buff2[2]~reg0  ; clk      ;
; N/A           ; None        ; -5.195 ns ; aluopt ; buff1[3]~reg0  ; clk      ;
; N/A           ; None        ; -5.195 ns ; aluopt ; buff2[3]~reg0  ; clk      ;
; N/A           ; None        ; -5.195 ns ; aluopt ; buff1[4]~reg0  ; clk      ;
; N/A           ; None        ; -5.195 ns ; aluopt ; buff2[4]~reg0  ; clk      ;
; N/A           ; None        ; -5.195 ns ; aluopt ; buff1[5]~reg0  ; clk      ;
; N/A           ; None        ; -5.258 ns ; aluopt ; buff1[16]~reg0 ; clk      ;
; N/A           ; None        ; -5.258 ns ; aluopt ; buff1[17]~reg0 ; clk      ;
; N/A           ; None        ; -5.258 ns ; aluopt ; buff1[18]~reg0 ; clk      ;
; N/A           ; None        ; -5.258 ns ; aluopt ; buff1[19]~reg0 ; clk      ;
; N/A           ; None        ; -5.258 ns ; aluopt ; buff1[20]~reg0 ; clk      ;
; N/A           ; None        ; -5.258 ns ; aluopt ; buff1[21]~reg0 ; clk      ;
; N/A           ; None        ; -5.258 ns ; aluopt ; buff1[22]~reg0 ; clk      ;
; N/A           ; None        ; -5.258 ns ; aluopt ; buff1[23]~reg0 ; clk      ;
; N/A           ; None        ; -5.258 ns ; aluopt ; buff1[24]~reg0 ; clk      ;
; N/A           ; None        ; -5.258 ns ; aluopt ; buff1[25]~reg0 ; clk      ;
; N/A           ; None        ; -5.385 ns ; aluopt ; buff2[17]~reg0 ; clk      ;
; N/A           ; None        ; -5.385 ns ; aluopt ; buff2[18]~reg0 ; clk      ;
; N/A           ; None        ; -5.385 ns ; aluopt ; buff2[19]~reg0 ; clk      ;
; N/A           ; None        ; -5.385 ns ; aluopt ; buff2[20]~reg0 ; clk      ;
; N/A           ; None        ; -5.385 ns ; aluopt ; buff2[21]~reg0 ; clk      ;
; N/A           ; None        ; -5.387 ns ; aluopt ; buff1[0]~reg0  ; clk      ;
; N/A           ; None        ; -5.387 ns ; aluopt ; buff2[5]~reg0  ; clk      ;
; N/A           ; None        ; -5.387 ns ; aluopt ; buff2[6]~reg0  ; clk      ;
; N/A           ; None        ; -5.772 ns ; aluopt ; buff2[12]~reg0 ; clk      ;
; N/A           ; None        ; -5.772 ns ; aluopt ; buff2[13]~reg0 ; clk      ;
; N/A           ; None        ; -5.772 ns ; aluopt ; buff2[14]~reg0 ; clk      ;
; N/A           ; None        ; -5.772 ns ; aluopt ; buff2[15]~reg0 ; clk      ;
; N/A           ; None        ; -5.772 ns ; aluopt ; buff2[16]~reg0 ; clk      ;
; N/A           ; None        ; -5.821 ns ; aluopt ; buff2[7]~reg0  ; clk      ;
; N/A           ; None        ; -5.821 ns ; aluopt ; buff2[8]~reg0  ; clk      ;
; N/A           ; None        ; -5.821 ns ; aluopt ; buff2[9]~reg0  ; clk      ;
; N/A           ; None        ; -5.821 ns ; aluopt ; buff2[10]~reg0 ; clk      ;
; N/A           ; None        ; -5.821 ns ; aluopt ; buff2[11]~reg0 ; clk      ;
; N/A           ; None        ; -6.011 ns ; aluopt ; buff1[6]~reg0  ; clk      ;
; N/A           ; None        ; -6.011 ns ; aluopt ; buff1[7]~reg0  ; clk      ;
; N/A           ; None        ; -6.011 ns ; aluopt ; buff1[8]~reg0  ; clk      ;
; N/A           ; None        ; -6.011 ns ; aluopt ; buff1[9]~reg0  ; clk      ;
; N/A           ; None        ; -6.011 ns ; aluopt ; buff1[10]~reg0 ; clk      ;
; N/A           ; None        ; -6.011 ns ; aluopt ; buff1[11]~reg0 ; clk      ;
; N/A           ; None        ; -6.011 ns ; aluopt ; buff1[12]~reg0 ; clk      ;
; N/A           ; None        ; -6.011 ns ; aluopt ; buff1[13]~reg0 ; clk      ;
; N/A           ; None        ; -6.011 ns ; aluopt ; buff1[14]~reg0 ; clk      ;
; N/A           ; None        ; -6.011 ns ; aluopt ; buff1[15]~reg0 ; clk      ;
; N/A           ; None        ; -6.075 ns ; aluopt ; buff1[26]~reg0 ; clk      ;
; N/A           ; None        ; -6.075 ns ; aluopt ; buff2[26]~reg0 ; clk      ;
; N/A           ; None        ; -6.075 ns ; aluopt ; buff1[27]~reg0 ; clk      ;
; N/A           ; None        ; -6.075 ns ; aluopt ; buff2[27]~reg0 ; clk      ;
; N/A           ; None        ; -6.075 ns ; aluopt ; buff1[28]~reg0 ; clk      ;
; N/A           ; None        ; -6.075 ns ; aluopt ; buff2[28]~reg0 ; clk      ;
; N/A           ; None        ; -6.075 ns ; aluopt ; buff1[29]~reg0 ; clk      ;
; N/A           ; None        ; -6.075 ns ; aluopt ; buff1[30]~reg0 ; clk      ;
; N/A           ; None        ; -6.075 ns ; aluopt ; buff2[30]~reg0 ; clk      ;
; N/A           ; None        ; -6.075 ns ; aluopt ; buff1[31]~reg0 ; clk      ;
; N/A           ; None        ; -6.173 ns ; aluopt ; buff2[29]~reg0 ; clk      ;
; N/A           ; None        ; -6.173 ns ; aluopt ; buff2[31]~reg0 ; clk      ;
+---------------+-------------+-----------+--------+----------------+----------+


+--------------------------+
; Timing Analyzer Messages ;
+--------------------------+
Info: *******************************************************************
Info: Running Quartus II Classic Timing Analyzer
    Info: Version 9.0 Build 132 02/25/2009 SJ Full Version
    Info: Processing started: Tue Apr 11 21:22:00 2017
Info: Command: quartus_tan --read_settings_files=off --write_settings_files=off new1 -c new1 --timing_analysis_only
Info: Parallel compilation is enabled and will use 4 of the 4 processors detected
Warning: Found pins functioning as undefined clocks and/or memory enables
    Info: Assuming node "clk" is an undefined clock
Info: Clock "clk" has Internal fmax of 258.06 MHz between source register "buff2[6]~reg0" and destination register "buff1[31]~reg0" (period= 3.875 ns)
    Info: + Longest register to register delay is 3.614 ns
        Info: 1: + IC(0.000 ns) + CELL(0.000 ns) = 0.000 ns; Loc. = LC_X21_Y17_N0; Fanout = 4; REG Node = 'buff2[6]~reg0'
        Info: 2: + IC(1.252 ns) + CELL(0.423 ns) = 1.675 ns; Loc. = LC_X20_Y16_N0; Fanout = 2; COMB Node = 'buff1[6]~11'
        Info: 3: + IC(0.000 ns) + CELL(0.078 ns) = 1.753 ns; Loc. = LC_X20_Y16_N1; Fanout = 2; COMB Node = 'buff1[7]~13'
        Info: 4: + IC(0.000 ns) + CELL(0.078 ns) = 1.831 ns; Loc. = LC_X20_Y16_N2; Fanout = 2; COMB Node = 'buff1[8]~15'
        Info: 5: + IC(0.000 ns) + CELL(0.078 ns) = 1.909 ns; Loc. = LC_X20_Y16_N3; Fanout = 2; COMB Node = 'buff1[9]~17'
        Info: 6: + IC(0.000 ns) + CELL(0.178 ns) = 2.087 ns; Loc. = LC_X20_Y16_N4; Fanout = 6; COMB Node = 'buff1[10]~19'
        Info: 7: + IC(0.000 ns) + CELL(0.208 ns) = 2.295 ns; Loc. = LC_X20_Y16_N9; Fanout = 6; COMB Node = 'buff1[15]~29'
        Info: 8: + IC(0.000 ns) + CELL(0.136 ns) = 2.431 ns; Loc. = LC_X20_Y15_N4; Fanout = 6; COMB Node = 'buff1[20]~39'
        Info: 9: + IC(0.000 ns) + CELL(0.208 ns) = 2.639 ns; Loc. = LC_X20_Y15_N9; Fanout = 6; COMB Node = 'buff1[25]~49'
        Info: 10: + IC(0.000 ns) + CELL(0.136 ns) = 2.775 ns; Loc. = LC_X20_Y14_N4; Fanout = 1; COMB Node = 'buff1[30]~59'
        Info: 11: + IC(0.000 ns) + CELL(0.839 ns) = 3.614 ns; Loc. = LC_X20_Y14_N5; Fanout = 3; REG Node = 'buff1[31]~reg0'
        Info: Total cell delay = 2.362 ns ( 65.36 % )
        Info: Total interconnect delay = 1.252 ns ( 34.64 % )
    Info: - Smallest clock skew is 0.000 ns
        Info: + Shortest clock path from clock "clk" to destination register is 2.962 ns
            Info: 1: + IC(0.000 ns) + CELL(1.469 ns) = 1.469 ns; Loc. = PIN_29; Fanout = 64; CLK Node = 'clk'
            Info: 2: + IC(0.782 ns) + CELL(0.711 ns) = 2.962 ns; Loc. = LC_X20_Y14_N5; Fanout = 3; REG Node = 'buff1[31]~reg0'
            Info: Total cell delay = 2.180 ns ( 73.60 % )
            Info: Total interconnect delay = 0.782 ns ( 26.40 % )
        Info: - Longest clock path from clock "clk" to source register is 2.962 ns
            Info: 1: + IC(0.000 ns) + CELL(1.469 ns) = 1.469 ns; Loc. = PIN_29; Fanout = 64; CLK Node = 'clk'
            Info: 2: + IC(0.782 ns) + CELL(0.711 ns) = 2.962 ns; Loc. = LC_X21_Y17_N0; Fanout = 4; REG Node = 'buff2[6]~reg0'
            Info: Total cell delay = 2.180 ns ( 73.60 % )
            Info: Total interconnect delay = 0.782 ns ( 26.40 % )
    Info: + Micro clock to output delay of source is 0.224 ns
    Info: + Micro setup delay of destination is 0.037 ns
Info: tsu for register "buff2[29]~reg0" (data pin = "aluopt", clock pin = "clk") is 6.225 ns
    Info: + Longest pin to register delay is 9.150 ns
        Info: 1: + IC(0.000 ns) + CELL(1.475 ns) = 1.475 ns; Loc. = PIN_202; Fanout = 96; PIN Node = 'aluopt'
        Info: 2: + IC(6.808 ns) + CELL(0.867 ns) = 9.150 ns; Loc. = LC_X20_Y13_N4; Fanout = 4; REG Node = 'buff2[29]~reg0'
        Info: Total cell delay = 2.342 ns ( 25.60 % )
        Info: Total interconnect delay = 6.808 ns ( 74.40 % )
    Info: + Micro setup delay of destination is 0.037 ns
    Info: - Shortest clock path from clock "clk" to destination register is 2.962 ns
        Info: 1: + IC(0.000 ns) + CELL(1.469 ns) = 1.469 ns; Loc. = PIN_29; Fanout = 64; CLK Node = 'clk'
        Info: 2: + IC(0.782 ns) + CELL(0.711 ns) = 2.962 ns; Loc. = LC_X20_Y13_N4; Fanout = 4; REG Node = 'buff2[29]~reg0'
        Info: Total cell delay = 2.180 ns ( 73.60 % )
        Info: Total interconnect delay = 0.782 ns ( 26.40 % )
Info: tco from clock "clk" to destination pin "result[26]" through register "buff1[26]~reg0" is 10.380 ns
    Info: + Longest clock path from clock "clk" to source register is 2.962 ns
        Info: 1: + IC(0.000 ns) + CELL(1.469 ns) = 1.469 ns; Loc. = PIN_29; Fanout = 64; CLK Node = 'clk'
        Info: 2: + IC(0.782 ns) + CELL(0.711 ns) = 2.962 ns; Loc. = LC_X20_Y14_N0; Fanout = 3; REG Node = 'buff1[26]~reg0'
        Info: Total cell delay = 2.180 ns ( 73.60 % )
        Info: Total interconnect delay = 0.782 ns ( 26.40 % )
    Info: + Micro clock to output delay of source is 0.224 ns
    Info: + Longest register to pin delay is 7.194 ns
        Info: 1: + IC(0.000 ns) + CELL(0.000 ns) = 0.000 ns; Loc. = LC_X20_Y14_N0; Fanout = 3; REG Node = 'buff1[26]~reg0'
        Info: 2: + IC(1.594 ns) + CELL(0.590 ns) = 2.184 ns; Loc. = LC_X24_Y15_N2; Fanout = 1; COMB Node = 'result~58'
        Info: 3: + IC(2.886 ns) + CELL(2.124 ns) = 7.194 ns; Loc. = PIN_143; Fanout = 0; PIN Node = 'result[26]'
        Info: Total cell delay = 2.714 ns ( 37.73 % )
        Info: Total interconnect delay = 4.480 ns ( 62.27 % )
Info: Longest tpd from source pin "aluopt" to destination pin "result[30]" is 13.924 ns
    Info: 1: + IC(0.000 ns) + CELL(1.475 ns) = 1.475 ns; Loc. = PIN_202; Fanout = 96; PIN Node = 'aluopt'
    Info: 2: + IC(6.772 ns) + CELL(0.292 ns) = 8.539 ns; Loc. = LC_X20_Y13_N6; Fanout = 1; COMB Node = 'result~62'
    Info: 3: + IC(3.277 ns) + CELL(2.108 ns) = 13.924 ns; Loc. = PIN_106; Fanout = 0; PIN Node = 'result[30]'
    Info: Total cell delay = 3.875 ns ( 27.83 % )
    Info: Total interconnect delay = 10.049 ns ( 72.17 % )
Info: th for register "buff2[22]~reg0" (data pin = "aluopt", clock pin = "clk") is -5.051 ns
    Info: + Longest clock path from clock "clk" to destination register is 2.962 ns
        Info: 1: + IC(0.000 ns) + CELL(1.469 ns) = 1.469 ns; Loc. = PIN_29; Fanout = 64; CLK Node = 'clk'
        Info: 2: + IC(0.782 ns) + CELL(0.711 ns) = 2.962 ns; Loc. = LC_X24_Y15_N0; Fanout = 4; REG Node = 'buff2[22]~reg0'
        Info: Total cell delay = 2.180 ns ( 73.60 % )
        Info: Total interconnect delay = 0.782 ns ( 26.40 % )
    Info: + Micro hold delay of destination is 0.015 ns
    Info: - Shortest pin to register delay is 8.028 ns
        Info: 1: + IC(0.000 ns) + CELL(1.475 ns) = 1.475 ns; Loc. = PIN_202; Fanout = 96; PIN Node = 'aluopt'
        Info: 2: + IC(5.686 ns) + CELL(0.867 ns) = 8.028 ns; Loc. = LC_X24_Y15_N0; Fanout = 4; REG Node = 'buff2[22]~reg0'
        Info: Total cell delay = 2.342 ns ( 29.17 % )
        Info: Total interconnect delay = 5.686 ns ( 70.83 % )
Info: Quartus II Classic Timing Analyzer was successful. 0 errors, 1 warning
    Info: Peak virtual memory: 204 megabytes
    Info: Processing ended: Tue Apr 11 21:22:00 2017
    Info: Elapsed time: 00:00:00
    Info: Total CPU time (on all processors): 00:00:00


