Flow report for alu
Tue Apr 25 23:05:37 2017
Quartus II Version 9.0 Build 132 02/25/2009 SJ Full Version


---------------------
; Table of Contents ;
---------------------
  1. Legal Notice
  2. Flow Summary
  3. Flow Settings
  4. Flow Non-Default Global Settings
  5. Flow Elapsed Time
  6. Flow OS Summary
  7. Flow Log



----------------
; Legal Notice ;
----------------
Copyright (C) 1991-2009 Altera Corporation
Your use of Altera Corporation's design tools, logic functions 
and other software and tools, and its AMPP partner logic 
functions, and any output files from any of the foregoing 
(including device programming or simulation files), and any 
associated documentation or information are expressly subject 
to the terms and conditions of the Altera Program License 
Subscription Agreement, Altera MegaCore Function License 
Agreement, or other applicable license agreement, including, 
without limitation, that your use is for the sole purpose of 
programming logic devices manufactured by Altera and sold by 
Altera or its authorized distributors.  Please refer to the 
applicable agreement for further details.



+--------------------------------------------------------------------+
; Flow Summary                                                       ;
+-------------------------+------------------------------------------+
; Flow Status             ; Successful - Tue Apr 25 23:05:37 2017    ;
; Quartus II Version      ; 9.0 Build 132 02/25/2009 SJ Full Version ;
; Revision Name           ; alu                                      ;
; Top-level Entity Name   ; alu                                      ;
; Family                  ; Cyclone                                  ;
; Device                  ; EP1C6Q240C8                              ;
; Timing Models           ; Final                                    ;
; Met timing requirements ; N/A                                      ;
; Total logic elements    ; N/A until Partition Merge                ;
; Total pins              ; N/A until Partition Merge                ;
; Total virtual pins      ; N/A until Partition Merge                ;
; Total memory bits       ; N/A until Partition Merge                ;
; Total PLLs              ; N/A until Partition Merge                ;
+-------------------------+------------------------------------------+


+-----------------------------------------+
; Flow Settings                           ;
+-------------------+---------------------+
; Option            ; Setting             ;
+-------------------+---------------------+
; Start date & time ; 04/25/2017 23:05:33 ;
; Main task         ; Compilation         ;
; Revision Name     ; alu                 ;
+-------------------+---------------------+


+--------------------------------------------------------------------------------------------------------------------+
; Flow Non-Default Global Settings                                                                                   ;
+---------------------------------------+---------------------------------+---------------+-------------+------------+
; Assignment Name                       ; Value                           ; Default Value ; Entity Name ; Section Id ;
+---------------------------------------+---------------------------------+---------------+-------------+------------+
; COMPILER_SIGNATURE_ID                 ; 228800458290165.149313273301000 ; --            ; --          ; --         ;
; MAX_CORE_JUNCTION_TEMP                ; 85                              ; --            ; --          ; --         ;
; MIN_CORE_JUNCTION_TEMP                ; 0                               ; --            ; --          ; --         ;
; OPTIMIZE_MULTI_CORNER_TIMING          ; Off                             ; On            ; --          ; --         ;
; PARTITION_COLOR                       ; 14622752                        ; --            ; --          ; Top        ;
; PARTITION_NETLIST_TYPE                ; SOURCE                          ; --            ; --          ; Top        ;
; SYNCHRONIZATION_REGISTER_CHAIN_LENGTH ; 2                               ; 3             ; --          ; --         ;
; USE_GENERATED_PHYSICAL_CONSTRAINTS    ; Off                             ; --            ; --          ; eda_palace ;
+---------------------------------------+---------------------------------+---------------+-------------+------------+


+--------------------------------------------------------------------------------------------------------------------------+
; Flow Elapsed Time                                                                                                        ;
+----------------------+--------------+-------------------------+---------------------+------------------------------------+
; Module Name          ; Elapsed Time ; Average Processors Used ; Peak Virtual Memory ; Total CPU Time (on all processors) ;
+----------------------+--------------+-------------------------+---------------------+------------------------------------+
; Analysis & Synthesis ; 00:00:04     ; 1.0                     ; 257 MB              ; 00:00:04                           ;
; Total                ; 00:00:04     ; --                      ; --                  ; 00:00:04                           ;
+----------------------+--------------+-------------------------+---------------------+------------------------------------+


+---------------------------------------------------------------------------------------+
; Flow OS Summary                                                                       ;
+----------------------+------------------+---------------+------------+----------------+
; Module Name          ; Machine Hostname ; OS Name       ; OS Version ; Processor type ;
+----------------------+------------------+---------------+------------+----------------+
; Analysis & Synthesis ; DESKTOP-U0M5HAD  ; Windows Vista ; 6.2        ; x86_64         ;
+----------------------+------------------+---------------+------------+----------------+


------------
; Flow Log ;
------------
quartus_map --read_settings_files=on --write_settings_files=off alu -c alu



